[2026-03-19T11:46:08.299+0000] {manager.py:483} INFO - Processing files using up to 2 processes at a time 
[2026-03-19T11:46:08.306+0000] {manager.py:484} INFO - Process each file at most once every 30 seconds
[2026-03-19T11:46:08.309+0000] {manager.py:486} INFO - Checking for new files in /opt/airflow/dags every 300 seconds
[2026-03-19T11:46:08.310+0000] {manager.py:724} INFO - Searching for files in /opt/airflow/dags
[2026-03-19T11:46:08.316+0000] {manager.py:727} INFO - There are 0 files in /opt/airflow/dags
[2026-03-19T11:46:50.001+0000] {manager.py:465} INFO - Exiting gracefully upon receiving signal 15
[2026-03-19T11:48:41.829+0000] {manager.py:483} INFO - Processing files using up to 2 processes at a time 
[2026-03-19T11:48:41.830+0000] {manager.py:484} INFO - Process each file at most once every 30 seconds
[2026-03-19T11:48:41.831+0000] {manager.py:486} INFO - Checking for new files in /opt/airflow/dags every 300 seconds
[2026-03-19T11:48:41.831+0000] {manager.py:724} INFO - Searching for files in /opt/airflow/dags
[2026-03-19T11:48:41.832+0000] {manager.py:727} INFO - There are 0 files in /opt/airflow/dags
[2026-03-19T11:53:42.755+0000] {manager.py:724} INFO - Searching for files in /opt/airflow/dags
[2026-03-19T11:53:42.765+0000] {manager.py:727} INFO - There are 0 files in /opt/airflow/dags
[2026-03-19T11:58:43.628+0000] {manager.py:724} INFO - Searching for files in /opt/airflow/dags
[2026-03-19T11:58:43.635+0000] {manager.py:727} INFO - There are 0 files in /opt/airflow/dags
[2026-03-19T12:03:44.335+0000] {manager.py:724} INFO - Searching for files in /opt/airflow/dags
[2026-03-19T12:03:44.346+0000] {manager.py:727} INFO - There are 1 files in /opt/airflow/dags
[2026-03-19T12:03:50.438+0000] {manager.py:846} INFO - 
================================================================================
DAG File Processing Stats

File Path                      PID    Runtime      # DAGs    # Errors  Last Runtime    Last Run
-----------------------------  -----  ---------  --------  ----------  --------------  -------------------
/opt/airflow/dags/schedule.py                           0           1  0.04s           2026-03-19T12:03:44
================================================================================
[2026-03-19T12:04:20.777+0000] {manager.py:846} INFO - 
================================================================================
DAG File Processing Stats

File Path                      PID    Runtime      # DAGs    # Errors  Last Runtime    Last Run
-----------------------------  -----  ---------  --------  ----------  --------------  -------------------
/opt/airflow/dags/schedule.py                           0           1  0.04s           2026-03-19T12:04:18
================================================================================
[2026-03-19T12:04:51.063+0000] {manager.py:846} INFO - 
================================================================================
DAG File Processing Stats

File Path                      PID    Runtime      # DAGs    # Errors  Last Runtime    Last Run
-----------------------------  -----  ---------  --------  ----------  --------------  -------------------
/opt/airflow/dags/schedule.py                           0           1  0.04s           2026-03-19T12:04:49
================================================================================
[2026-03-19T12:05:21.304+0000] {manager.py:846} INFO - 
================================================================================
DAG File Processing Stats

File Path                      PID    Runtime      # DAGs    # Errors  Last Runtime    Last Run
-----------------------------  -----  ---------  --------  ----------  --------------  -------------------
/opt/airflow/dags/schedule.py                           0           1  0.04s           2026-03-19T12:05:19
================================================================================
[2026-03-19T12:05:51.627+0000] {manager.py:846} INFO - 
================================================================================
DAG File Processing Stats

File Path                      PID    Runtime      # DAGs    # Errors  Last Runtime    Last Run
-----------------------------  -----  ---------  --------  ----------  --------------  -------------------
/opt/airflow/dags/schedule.py                           0           1  0.08s           2026-03-19T12:05:49
================================================================================
[2026-03-19T12:06:21.897+0000] {manager.py:846} INFO - 
================================================================================
DAG File Processing Stats

File Path                      PID    Runtime      # DAGs    # Errors  Last Runtime    Last Run
-----------------------------  -----  ---------  --------  ----------  --------------  -------------------
/opt/airflow/dags/schedule.py                           0           1  0.05s           2026-03-19T12:06:19
================================================================================
[2026-03-19T12:06:52.245+0000] {manager.py:846} INFO - 
================================================================================
DAG File Processing Stats

File Path                      PID    Runtime      # DAGs    # Errors  Last Runtime    Last Run
-----------------------------  -----  ---------  --------  ----------  --------------  -------------------
/opt/airflow/dags/schedule.py                           0           1  0.06s           2026-03-19T12:06:50
================================================================================
[2026-03-19T12:07:22.563+0000] {manager.py:846} INFO - 
================================================================================
DAG File Processing Stats

File Path                      PID    Runtime      # DAGs    # Errors  Last Runtime    Last Run
-----------------------------  -----  ---------  --------  ----------  --------------  -------------------
/opt/airflow/dags/schedule.py                           0           1  0.03s           2026-03-19T12:07:20
================================================================================
[2026-03-19T12:07:52.880+0000] {manager.py:846} INFO - 
================================================================================
DAG File Processing Stats

File Path                      PID    Runtime      # DAGs    # Errors  Last Runtime    Last Run
-----------------------------  -----  ---------  --------  ----------  --------------  -------------------
/opt/airflow/dags/schedule.py                           0           1  0.07s           2026-03-19T12:07:50
================================================================================
[2026-03-19T12:08:23.162+0000] {manager.py:846} INFO - 
================================================================================
DAG File Processing Stats

File Path                      PID    Runtime      # DAGs    # Errors  Last Runtime    Last Run
-----------------------------  -----  ---------  --------  ----------  --------------  -------------------
/opt/airflow/dags/schedule.py                           0           1  0.06s           2026-03-19T12:08:21
================================================================================
[2026-03-19T12:08:44.353+0000] {manager.py:724} INFO - Searching for files in /opt/airflow/dags
[2026-03-19T12:08:44.366+0000] {manager.py:727} INFO - There are 1 files in /opt/airflow/dags
[2026-03-19T12:08:53.511+0000] {manager.py:846} INFO - 
================================================================================
DAG File Processing Stats

File Path                      PID    Runtime      # DAGs    # Errors  Last Runtime    Last Run
-----------------------------  -----  ---------  --------  ----------  --------------  -------------------
/opt/airflow/dags/schedule.py                           0           1  0.03s           2026-03-19T12:08:51
================================================================================
[2026-03-19T12:09:23.876+0000] {manager.py:846} INFO - 
================================================================================
DAG File Processing Stats

File Path                      PID    Runtime      # DAGs    # Errors  Last Runtime    Last Run
-----------------------------  -----  ---------  --------  ----------  --------------  -------------------
/opt/airflow/dags/schedule.py                           0           1  0.18s           2026-03-19T12:09:01
================================================================================
[2026-03-19T12:09:54.238+0000] {manager.py:846} INFO - 
================================================================================
DAG File Processing Stats

File Path                      PID    Runtime      # DAGs    # Errors  Last Runtime    Last Run
-----------------------------  -----  ---------  --------  ----------  --------------  -------------------
/opt/airflow/dags/schedule.py                           0           1  0.07s           2026-03-19T12:09:32
================================================================================
[2026-03-19T12:10:24.542+0000] {manager.py:846} INFO - 
================================================================================
DAG File Processing Stats

File Path                      PID    Runtime      # DAGs    # Errors  Last Runtime    Last Run
-----------------------------  -----  ---------  --------  ----------  --------------  -------------------
/opt/airflow/dags/schedule.py                           0           1  0.05s           2026-03-19T12:10:02
================================================================================
[2026-03-19T12:10:54.904+0000] {manager.py:846} INFO - 
================================================================================
DAG File Processing Stats

File Path                      PID    Runtime      # DAGs    # Errors  Last Runtime    Last Run
-----------------------------  -----  ---------  --------  ----------  --------------  -------------------
/opt/airflow/dags/schedule.py                           0           1  0.06s           2026-03-19T12:10:48
================================================================================
[2026-03-19T12:11:25.268+0000] {manager.py:846} INFO - 
================================================================================
DAG File Processing Stats

File Path                      PID    Runtime      # DAGs    # Errors  Last Runtime    Last Run
-----------------------------  -----  ---------  --------  ----------  --------------  -------------------
/opt/airflow/dags/schedule.py                           0           1  0.05s           2026-03-19T12:11:06
================================================================================
[2026-03-19T12:11:55.837+0000] {manager.py:846} INFO - 
================================================================================
DAG File Processing Stats

File Path                      PID    Runtime      # DAGs    # Errors  Last Runtime    Last Run
-----------------------------  -----  ---------  --------  ----------  --------------  -------------------
/opt/airflow/dags/schedule.py                           0           1  0.05s           2026-03-19T12:11:47
================================================================================
[2026-03-19T12:12:26.136+0000] {manager.py:846} INFO - 
================================================================================
DAG File Processing Stats

File Path                      PID    Runtime      # DAGs    # Errors  Last Runtime    Last Run
-----------------------------  -----  ---------  --------  ----------  --------------  -------------------
/opt/airflow/dags/schedule.py                           0           1  0.07s           2026-03-19T12:12:21
================================================================================
[2026-03-19T12:12:56.443+0000] {manager.py:846} INFO - 
================================================================================
DAG File Processing Stats

File Path                      PID    Runtime      # DAGs    # Errors  Last Runtime    Last Run
-----------------------------  -----  ---------  --------  ----------  --------------  -------------------
/opt/airflow/dags/schedule.py                           0           1  0.05s           2026-03-19T12:12:51
================================================================================
[2026-03-19T12:13:26.804+0000] {manager.py:846} INFO - 
================================================================================
DAG File Processing Stats

File Path                      PID    Runtime      # DAGs    # Errors  Last Runtime    Last Run
-----------------------------  -----  ---------  --------  ----------  --------------  -------------------
/opt/airflow/dags/schedule.py                           0           1  0.11s           2026-03-19T12:13:25
================================================================================
[2026-03-19T12:13:45.258+0000] {manager.py:724} INFO - Searching for files in /opt/airflow/dags
[2026-03-19T12:13:45.264+0000] {manager.py:727} INFO - There are 1 files in /opt/airflow/dags
[2026-03-19T12:13:57.384+0000] {manager.py:846} INFO - 
================================================================================
DAG File Processing Stats

File Path                      PID    Runtime      # DAGs    # Errors  Last Runtime    Last Run
-----------------------------  -----  ---------  --------  ----------  --------------  -------------------
/opt/airflow/dags/schedule.py                           0           1  0.04s           2026-03-19T12:13:39
================================================================================
[2026-03-19T12:14:27.611+0000] {manager.py:846} INFO - 
================================================================================
DAG File Processing Stats

File Path                      PID    Runtime      # DAGs    # Errors  Last Runtime    Last Run
-----------------------------  -----  ---------  --------  ----------  --------------  -------------------
/opt/airflow/dags/schedule.py                           0           1  0.02s           2026-03-19T12:14:09
================================================================================
[2026-03-19T12:14:57.897+0000] {manager.py:846} INFO - 
================================================================================
DAG File Processing Stats

File Path                      PID    Runtime      # DAGs    # Errors  Last Runtime    Last Run
-----------------------------  -----  ---------  --------  ----------  --------------  -------------------
/opt/airflow/dags/schedule.py                           0           1  0.04s           2026-03-19T12:14:53
================================================================================
[2026-03-19T12:15:28.226+0000] {manager.py:846} INFO - 
================================================================================
DAG File Processing Stats

File Path                        PID  Runtime      # DAGs    # Errors  Last Runtime    Last Run
-----------------------------  -----  ---------  --------  ----------  --------------  -------------------
/opt/airflow/dags/schedule.py   1428  0.01s             0           1  0.04s           2026-03-19T12:15:20
================================================================================
[2026-03-19T12:15:58.545+0000] {manager.py:846} INFO - 
================================================================================
DAG File Processing Stats

File Path                      PID    Runtime      # DAGs    # Errors  Last Runtime    Last Run
-----------------------------  -----  ---------  --------  ----------  --------------  -------------------
/opt/airflow/dags/schedule.py                           0           1  0.08s           2026-03-19T12:15:56
================================================================================
[2026-03-19T12:16:28.952+0000] {manager.py:846} INFO - 
================================================================================
DAG File Processing Stats

File Path                        PID  Runtime      # DAGs    # Errors  Last Runtime    Last Run
-----------------------------  -----  ---------  --------  ----------  --------------  -------------------
/opt/airflow/dags/schedule.py   1489  0.00s             0           1  0.06s           2026-03-19T12:16:24
================================================================================
[2026-03-19T12:16:59.370+0000] {manager.py:846} INFO - 
================================================================================
DAG File Processing Stats

File Path                      PID    Runtime      # DAGs    # Errors  Last Runtime    Last Run
-----------------------------  -----  ---------  --------  ----------  --------------  -------------------
/opt/airflow/dags/schedule.py                           0           1  0.07s           2026-03-19T12:16:53
================================================================================
[2026-03-19T12:17:29.716+0000] {manager.py:846} INFO - 
================================================================================
DAG File Processing Stats

File Path                        PID  Runtime      # DAGs    # Errors  Last Runtime    Last Run
-----------------------------  -----  ---------  --------  ----------  --------------  -------------------
/opt/airflow/dags/schedule.py   1541  0.01s             0           1  0.05s           2026-03-19T12:17:26
================================================================================
[2026-03-19T12:18:00.139+0000] {manager.py:846} INFO - 
================================================================================
DAG File Processing Stats

File Path                      PID    Runtime      # DAGs    # Errors  Last Runtime    Last Run
-----------------------------  -----  ---------  --------  ----------  --------------  -------------------
/opt/airflow/dags/schedule.py                           0           1  0.17s           2026-03-19T12:17:58
================================================================================
[2026-03-19T12:18:30.627+0000] {manager.py:846} INFO - 
================================================================================
DAG File Processing Stats

File Path                        PID  Runtime      # DAGs    # Errors  Last Runtime    Last Run
-----------------------------  -----  ---------  --------  ----------  --------------  -------------------
/opt/airflow/dags/schedule.py   1604  0.01s             0           1  0.04s           2026-03-19T12:18:22
================================================================================
[2026-03-19T12:18:45.819+0000] {manager.py:724} INFO - Searching for files in /opt/airflow/dags
[2026-03-19T12:18:45.832+0000] {manager.py:727} INFO - There are 1 files in /opt/airflow/dags
[2026-03-19T12:19:00.985+0000] {manager.py:846} INFO - 
================================================================================
DAG File Processing Stats

File Path                      PID    Runtime      # DAGs    # Errors  Last Runtime    Last Run
-----------------------------  -----  ---------  --------  ----------  --------------  -------------------
/opt/airflow/dags/schedule.py                           0           1  0.04s           2026-03-19T12:18:31
================================================================================
[2026-03-19T12:19:31.444+0000] {manager.py:846} INFO - 
================================================================================
DAG File Processing Stats

File Path                        PID  Runtime      # DAGs    # Errors  Last Runtime    Last Run
-----------------------------  -----  ---------  --------  ----------  --------------  -------------------
/opt/airflow/dags/schedule.py   1657  0.01s             0           1  0.06s           2026-03-19T12:19:27
================================================================================
[2026-03-19T12:20:01.857+0000] {manager.py:846} INFO - 
================================================================================
DAG File Processing Stats

File Path                      PID    Runtime      # DAGs    # Errors  Last Runtime    Last Run
-----------------------------  -----  ---------  --------  ----------  --------------  -------------------
/opt/airflow/dags/schedule.py                           0           1  0.06s           2026-03-19T12:19:47
================================================================================
[2026-03-19T12:20:32.088+0000] {manager.py:846} INFO - 
================================================================================
DAG File Processing Stats

File Path                      PID    Runtime      # DAGs    # Errors  Last Runtime    Last Run
-----------------------------  -----  ---------  --------  ----------  --------------  -------------------
/opt/airflow/dags/schedule.py                           0           1  0.04s           2026-03-19T12:20:18
================================================================================
[2026-03-19T12:21:02.357+0000] {manager.py:846} INFO - 
================================================================================
DAG File Processing Stats

File Path                      PID    Runtime      # DAGs    # Errors  Last Runtime    Last Run
-----------------------------  -----  ---------  --------  ----------  --------------  -------------------
/opt/airflow/dags/schedule.py                           0           1  0.07s           2026-03-19T12:20:48
================================================================================
