{"timestamp":"2026-03-19T18:36:10.907723Z","level":"info","event":"Stats instance was created in PID 7 but accessed in PID 1725. Re-initializing.","logger":"airflow.stats","filename":"stats.py","lineno":57}
{"timestamp":"2026-03-19T18:36:10.920428Z","level":"info","event":"DAG bundles loaded: dags-folder","logger":"airflow.dag_processing.bundles.manager.DagBundlesManager","filename":"manager.py","lineno":179}
{"timestamp":"2026-03-19T18:36:10.921585Z","level":"info","event":"Filling up the DagBag from /opt/airflow/dags/schedule.py","logger":"airflow.models.dagbag.BundleDagBag","filename":"dagbag.py","lineno":593}
{"timestamp":"2026-03-19T18:36:10.944562Z","level":"warning","event":"The `airflow.decorators.dag` attribute is deprecated. Please use `'airflow.sdk.dag'`.","category":"DeprecatedImportWarning","filename":"/opt/airflow/dags/schedule.py","lineno":4,"logger":"py.warnings"}
{"timestamp":"2026-03-19T18:36:10.944900Z","level":"warning","event":"The `airflow.decorators.task` attribute is deprecated. Please use `'airflow.sdk.task'`.","category":"DeprecatedImportWarning","filename":"/opt/airflow/dags/schedule.py","lineno":4,"logger":"py.warnings"}
{"timestamp":"2026-03-19T18:36:17.678036Z","level":"info","event":"[Data Engineer]Scraped 10 job posts so far...","logger":"task.stdout"}
{"timestamp":"2026-03-19T18:36:17.678408Z","level":"info","event":"[Data Engineer]This is page starting at 0","logger":"task.stdout"}
{"timestamp":"2026-03-19T18:36:23.526227Z","level":"info","event":"[Data Engineer]Scraped 20 job posts so far...","logger":"task.stdout"}
{"timestamp":"2026-03-19T18:36:23.526558Z","level":"info","event":"[Data Engineer]This is page starting at 25","logger":"task.stdout"}
{"timestamp":"2026-03-19T18:36:29.816056Z","level":"info","event":"[Data Engineer]Scraped 30 job posts so far...","logger":"task.stdout"}
{"timestamp":"2026-03-19T18:36:29.817555Z","level":"info","event":"[Data Engineer]This is page starting at 50","logger":"task.stdout"}
{"timestamp":"2026-03-19T18:36:35.570936Z","level":"info","event":"[Data Engineer]Scraped 40 job posts so far...","logger":"task.stdout"}
{"timestamp":"2026-03-19T18:36:35.571471Z","level":"info","event":"[Data Engineer]This is page starting at 75","logger":"task.stdout"}
{"timestamp":"2026-03-19T18:36:41.958867Z","level":"info","event":"[Data Engineer]Scraped 50 job posts so far...","logger":"task.stdout"}
{"timestamp":"2026-03-19T18:36:41.960126Z","level":"info","event":"[Data Engineer]This is page starting at 100","logger":"task.stdout"}
{"timestamp":"2026-03-19T18:36:48.040907Z","level":"info","event":"[Data Engineer]Scraped 60 job posts so far...","logger":"task.stdout"}
{"timestamp":"2026-03-19T18:36:48.042368Z","level":"info","event":"[Data Engineer]This is page starting at 125","logger":"task.stdout"}
{"timestamp":"2026-03-19T18:36:53.844379Z","level":"info","event":"[Data Engineer]Scraped 70 job posts so far...","logger":"task.stdout"}
{"timestamp":"2026-03-19T18:36:53.844825Z","level":"info","event":"[Data Engineer]This is page starting at 150","logger":"task.stdout"}
{"timestamp":"2026-03-19T18:36:59.974790Z","level":"info","event":"[Data Engineer]Scraped 80 job posts so far...","logger":"task.stdout"}
{"timestamp":"2026-03-19T18:36:59.975538Z","level":"info","event":"[Data Engineer]This is page starting at 175","logger":"task.stdout"}
{"timestamp":"2026-03-19T18:37:06.259772Z","level":"info","event":"[Data Engineer]Scraped 90 job posts so far...","logger":"task.stdout"}
{"timestamp":"2026-03-19T18:37:06.260003Z","level":"info","event":"[Data Engineer]This is page starting at 200","logger":"task.stdout"}
{"timestamp":"2026-03-19T18:37:06.674634Z","level":"info","event":"[Data Engineer]Scraped 90 job posts so far...","logger":"task.stdout"}
{"timestamp":"2026-03-19T18:37:06.675207Z","level":"info","event":"[Data Engineer]This is page starting at 225","logger":"task.stdout"}
{"timestamp":"2026-03-19T18:37:13.290508Z","level":"info","event":"[Data Engineer]Scraped 100 job posts so far...","logger":"task.stdout"}
{"timestamp":"2026-03-19T18:37:13.290849Z","level":"info","event":"[Data Engineer]This is page starting at 250","logger":"task.stdout"}
{"timestamp":"2026-03-19T18:37:19.241839Z","level":"info","event":"[Data Engineer]Scraped 110 job posts so far...","logger":"task.stdout"}
{"timestamp":"2026-03-19T18:37:19.243377Z","level":"info","event":"[Data Engineer]This is page starting at 275","logger":"task.stdout"}
{"timestamp":"2026-03-19T18:37:25.885160Z","level":"info","event":"[Data Engineer]Scraped 120 job posts so far...","logger":"task.stdout"}
{"timestamp":"2026-03-19T18:37:25.885594Z","level":"info","event":"[Data Engineer]This is page starting at 300","logger":"task.stdout"}
{"timestamp":"2026-03-19T18:37:32.176736Z","level":"info","event":"[Data Engineer]Scraped 130 job posts so far...","logger":"task.stdout"}
{"timestamp":"2026-03-19T18:37:32.177192Z","level":"info","event":"[Data Engineer]This is page starting at 325","logger":"task.stdout"}
{"timestamp":"2026-03-19T18:37:38.367221Z","level":"info","event":"[Data Engineer]Scraped 140 job posts so far...","logger":"task.stdout"}
{"timestamp":"2026-03-19T18:37:38.368180Z","level":"info","event":"[Data Engineer]This is page starting at 350","logger":"task.stdout"}
{"timestamp":"2026-03-19T18:37:44.209979Z","level":"info","event":"[Data Engineer]Scraped 150 job posts so far...","logger":"task.stdout"}
{"timestamp":"2026-03-19T18:37:44.210514Z","level":"info","event":"[Data Engineer]This is page starting at 375","logger":"task.stdout"}
{"timestamp":"2026-03-19T18:37:50.438913Z","level":"info","event":"[Data Engineer]Scraped 160 job posts so far...","logger":"task.stdout"}
{"timestamp":"2026-03-19T18:37:50.439257Z","level":"info","event":"[Data Engineer]This is page starting at 400","logger":"task.stdout"}
{"timestamp":"2026-03-19T18:37:56.243947Z","level":"info","event":"[Data Engineer]Scraped 170 job posts so far...","logger":"task.stdout"}
{"timestamp":"2026-03-19T18:37:56.244164Z","level":"info","event":"[Data Engineer]This is page starting at 425","logger":"task.stdout"}
{"timestamp":"2026-03-19T18:38:02.558071Z","level":"info","event":"[Data Engineer]Scraped 180 job posts so far...","logger":"task.stdout"}
{"timestamp":"2026-03-19T18:38:02.558417Z","level":"info","event":"[Data Engineer]This is page starting at 450","logger":"task.stdout"}
{"timestamp":"2026-03-19T18:38:08.784124Z","level":"info","event":"[Data Engineer]Scraped 190 job posts so far...","logger":"task.stdout"}
{"timestamp":"2026-03-19T18:38:08.784899Z","level":"info","event":"[Data Engineer]This is page starting at 475","logger":"task.stdout"}
{"timestamp":"2026-03-19T18:38:14.860813Z","level":"info","event":"[Data Engineer]Scraped 200 job posts so far...","logger":"task.stdout"}
{"timestamp":"2026-03-19T18:38:14.862918Z","level":"info","event":"[Data Engineer]This is page starting at 500","logger":"task.stdout"}
{"timestamp":"2026-03-19T18:38:20.838852Z","level":"info","event":"[Data Engineer]Scraped 210 job posts so far...","logger":"task.stdout"}
{"timestamp":"2026-03-19T18:38:20.839056Z","level":"info","event":"[Data Engineer]This is page starting at 525","logger":"task.stdout"}
{"timestamp":"2026-03-19T18:38:27.646313Z","level":"info","event":"[Data Engineer]Scraped 220 job posts so far...","logger":"task.stdout"}
{"timestamp":"2026-03-19T18:38:27.647282Z","level":"info","event":"[Data Engineer]This is page starting at 550","logger":"task.stdout"}
{"timestamp":"2026-03-19T18:38:28.030704Z","level":"info","event":"[Data Engineer]Scraped 220 job posts so far...","logger":"task.stdout"}
{"timestamp":"2026-03-19T18:38:28.031504Z","level":"info","event":"[Data Engineer]This is page starting at 575","logger":"task.stdout"}
{"timestamp":"2026-03-19T18:38:28.540627Z","level":"info","event":"[Data Engineer]Scraped 220 job posts so far...","logger":"task.stdout"}
{"timestamp":"2026-03-19T18:38:28.541096Z","level":"info","event":"[Data Engineer]This is page starting at 600","logger":"task.stdout"}
{"timestamp":"2026-03-19T18:38:35.111082Z","level":"info","event":"[Data Engineer]Scraped 230 job posts so far...","logger":"task.stdout"}
{"timestamp":"2026-03-19T18:38:35.111497Z","level":"info","event":"[Data Engineer]This is page starting at 625","logger":"task.stdout"}
{"timestamp":"2026-03-19T18:38:41.490480Z","level":"info","event":"[Data Engineer]Scraped 240 job posts so far...","logger":"task.stdout"}
{"timestamp":"2026-03-19T18:38:41.491219Z","level":"info","event":"[Data Engineer]This is page starting at 650","logger":"task.stdout"}
{"timestamp":"2026-03-19T18:38:48.715307Z","level":"info","event":"[Data Engineer]Scraped 250 job posts so far...","logger":"task.stdout"}
{"timestamp":"2026-03-19T18:38:48.715858Z","level":"info","event":"[Data Engineer]This is page starting at 675","logger":"task.stdout"}
{"timestamp":"2026-03-19T18:38:54.968833Z","level":"info","event":"[Data Engineer]Scraped 260 job posts so far...","logger":"task.stdout"}
{"timestamp":"2026-03-19T18:38:54.969232Z","level":"info","event":"[Data Engineer]This is page starting at 700","logger":"task.stdout"}
{"timestamp":"2026-03-19T18:39:01.839383Z","level":"info","event":"[Data Engineer]Scraped 270 job posts so far...","logger":"task.stdout"}
{"timestamp":"2026-03-19T18:39:01.839693Z","level":"info","event":"[Data Engineer]This is page starting at 725","logger":"task.stdout"}
{"timestamp":"2026-03-19T18:39:08.025377Z","level":"info","event":"[Data Engineer]Scraped 280 job posts so far...","logger":"task.stdout"}
{"timestamp":"2026-03-19T18:39:08.025638Z","level":"info","event":"[Data Engineer]This is page starting at 750","logger":"task.stdout"}
{"timestamp":"2026-03-19T18:39:14.317203Z","level":"info","event":"[Data Engineer]Scraped 290 job posts so far...","logger":"task.stdout"}
{"timestamp":"2026-03-19T18:39:14.318307Z","level":"info","event":"[Data Engineer]This is page starting at 775","logger":"task.stdout"}
{"timestamp":"2026-03-19T18:39:20.689908Z","level":"info","event":"[Data Engineer]Scraped 300 job posts so far...","logger":"task.stdout"}
{"timestamp":"2026-03-19T18:39:20.690446Z","level":"info","event":"[Data Engineer]This is page starting at 800","logger":"task.stdout"}
{"timestamp":"2026-03-19T18:39:27.547186Z","level":"info","event":"[Data Engineer]Scraped 310 job posts so far...","logger":"task.stdout"}
{"timestamp":"2026-03-19T18:39:27.547563Z","level":"info","event":"[Data Engineer]This is page starting at 825","logger":"task.stdout"}
{"timestamp":"2026-03-19T18:39:33.763038Z","level":"info","event":"[Data Engineer]Scraped 320 job posts so far...","logger":"task.stdout"}
{"timestamp":"2026-03-19T18:39:33.763846Z","level":"info","event":"[Data Engineer]This is page starting at 850","logger":"task.stdout"}
{"timestamp":"2026-03-19T18:39:40.025762Z","level":"info","event":"[Data Engineer]Scraped 330 job posts so far...","logger":"task.stdout"}
{"timestamp":"2026-03-19T18:39:40.026007Z","level":"info","event":"[Data Engineer]This is page starting at 875","logger":"task.stdout"}
{"timestamp":"2026-03-19T18:39:46.370298Z","level":"info","event":"[Data Engineer]Scraped 340 job posts so far...","logger":"task.stdout"}
{"timestamp":"2026-03-19T18:39:46.373296Z","level":"info","event":"[Data Engineer]This is page starting at 900","logger":"task.stdout"}
{"timestamp":"2026-03-19T18:39:52.600919Z","level":"info","event":"[Data Engineer]Scraped 350 job posts so far...","logger":"task.stdout"}
{"timestamp":"2026-03-19T18:39:52.601310Z","level":"info","event":"[Data Engineer]This is page starting at 925","logger":"task.stdout"}
{"timestamp":"2026-03-19T18:39:58.357112Z","level":"info","event":"[Data Engineer]Scraped 360 job posts so far...","logger":"task.stdout"}
{"timestamp":"2026-03-19T18:39:58.357956Z","level":"info","event":"[Data Engineer]This is page starting at 950","logger":"task.stdout"}
{"timestamp":"2026-03-19T18:40:05.701998Z","level":"info","event":"[Data Engineer]Scraped 370 job posts so far...","logger":"task.stdout"}
{"timestamp":"2026-03-19T18:40:05.702382Z","level":"info","event":"[Data Engineer]This is page starting at 975","logger":"task.stdout"}
{"timestamp":"2026-03-19T18:40:12.094293Z","level":"info","event":"[ML Engineer]Scraped 380 job posts so far...","logger":"task.stdout"}
{"timestamp":"2026-03-19T18:40:12.099640Z","level":"info","event":"[ML Engineer]This is page starting at 0","logger":"task.stdout"}
{"timestamp":"2026-03-19T18:40:18.629209Z","level":"info","event":"[ML Engineer]Scraped 390 job posts so far...","logger":"task.stdout"}
{"timestamp":"2026-03-19T18:40:18.630400Z","level":"info","event":"[ML Engineer]This is page starting at 25","logger":"task.stdout"}
{"timestamp":"2026-03-19T18:40:25.178607Z","level":"info","event":"[ML Engineer]Scraped 400 job posts so far...","logger":"task.stdout"}
{"timestamp":"2026-03-19T18:40:25.178861Z","level":"info","event":"[ML Engineer]This is page starting at 50","logger":"task.stdout"}
{"timestamp":"2026-03-19T18:40:30.921556Z","level":"info","event":"[ML Engineer]Scraped 410 job posts so far...","logger":"task.stdout"}
{"timestamp":"2026-03-19T18:40:30.922290Z","level":"info","event":"[ML Engineer]This is page starting at 75","logger":"task.stdout"}
{"timestamp":"2026-03-19T18:40:36.383754Z","level":"info","event":"[ML Engineer]Scraped 419 job posts so far...","logger":"task.stdout"}
{"timestamp":"2026-03-19T18:40:36.384081Z","level":"info","event":"[ML Engineer]This is page starting at 100","logger":"task.stdout"}
{"timestamp":"2026-03-19T18:40:42.924242Z","level":"info","event":"[ML Engineer]Scraped 429 job posts so far...","logger":"task.stdout"}
{"timestamp":"2026-03-19T18:40:42.924683Z","level":"info","event":"[ML Engineer]This is page starting at 125","logger":"task.stdout"}
{"timestamp":"2026-03-19T18:40:49.206361Z","level":"info","event":"[ML Engineer]Scraped 439 job posts so far...","logger":"task.stdout"}
{"timestamp":"2026-03-19T18:40:49.207630Z","level":"info","event":"[ML Engineer]This is page starting at 150","logger":"task.stdout"}
{"timestamp":"2026-03-19T18:40:55.119890Z","level":"info","event":"[ML Engineer]Scraped 449 job posts so far...","logger":"task.stdout"}
{"timestamp":"2026-03-19T18:40:55.122968Z","level":"info","event":"[ML Engineer]This is page starting at 175","logger":"task.stdout"}
{"timestamp":"2026-03-19T18:41:01.277183Z","level":"info","event":"[ML Engineer]Scraped 459 job posts so far...","logger":"task.stdout"}
{"timestamp":"2026-03-19T18:41:01.278226Z","level":"info","event":"[ML Engineer]This is page starting at 200","logger":"task.stdout"}
{"timestamp":"2026-03-19T18:41:08.123207Z","level":"info","event":"[ML Engineer]Scraped 469 job posts so far...","logger":"task.stdout"}
{"timestamp":"2026-03-19T18:41:08.123473Z","level":"info","event":"[ML Engineer]This is page starting at 225","logger":"task.stdout"}
{"timestamp":"2026-03-19T18:41:13.907830Z","level":"info","event":"[ML Engineer]Scraped 479 job posts so far...","logger":"task.stdout"}
{"timestamp":"2026-03-19T18:41:13.908315Z","level":"info","event":"[ML Engineer]This is page starting at 250","logger":"task.stdout"}
{"timestamp":"2026-03-19T18:41:20.773945Z","level":"info","event":"[ML Engineer]Scraped 489 job posts so far...","logger":"task.stdout"}
{"timestamp":"2026-03-19T18:41:20.777018Z","level":"info","event":"[ML Engineer]This is page starting at 275","logger":"task.stdout"}
{"timestamp":"2026-03-19T18:41:26.664684Z","level":"info","event":"[ML Engineer]Scraped 498 job posts so far...","logger":"task.stdout"}
{"timestamp":"2026-03-19T18:41:26.676476Z","level":"info","event":"[ML Engineer]This is page starting at 300","logger":"task.stdout"}
{"timestamp":"2026-03-19T18:41:32.606583Z","level":"info","event":"[ML Engineer]Scraped 508 job posts so far...","logger":"task.stdout"}
{"timestamp":"2026-03-19T18:41:32.606907Z","level":"info","event":"[ML Engineer]This is page starting at 325","logger":"task.stdout"}
{"timestamp":"2026-03-19T18:41:38.692521Z","level":"info","event":"[ML Engineer]Scraped 518 job posts so far...","logger":"task.stdout"}
{"timestamp":"2026-03-19T18:41:38.692840Z","level":"info","event":"[ML Engineer]This is page starting at 350","logger":"task.stdout"}
{"timestamp":"2026-03-19T18:41:44.857545Z","level":"info","event":"[ML Engineer]Scraped 528 job posts so far...","logger":"task.stdout"}
{"timestamp":"2026-03-19T18:41:44.858779Z","level":"info","event":"[ML Engineer]This is page starting at 375","logger":"task.stdout"}
{"timestamp":"2026-03-19T18:41:51.084669Z","level":"info","event":"[ML Engineer]Scraped 538 job posts so far...","logger":"task.stdout"}
{"timestamp":"2026-03-19T18:41:51.084924Z","level":"info","event":"[ML Engineer]This is page starting at 400","logger":"task.stdout"}
{"timestamp":"2026-03-19T18:41:56.846582Z","level":"info","event":"[ML Engineer]Scraped 548 job posts so far...","logger":"task.stdout"}
{"timestamp":"2026-03-19T18:41:56.846876Z","level":"info","event":"[ML Engineer]This is page starting at 425","logger":"task.stdout"}
{"timestamp":"2026-03-19T18:42:02.466812Z","level":"info","event":"[ML Engineer]Scraped 558 job posts so far...","logger":"task.stdout"}
{"timestamp":"2026-03-19T18:42:02.467369Z","level":"info","event":"[ML Engineer]This is page starting at 450","logger":"task.stdout"}
{"timestamp":"2026-03-19T18:42:09.026757Z","level":"info","event":"[ML Engineer]Scraped 568 job posts so far...","logger":"task.stdout"}
{"timestamp":"2026-03-19T18:42:09.027554Z","level":"info","event":"[ML Engineer]This is page starting at 475","logger":"task.stdout"}
{"timestamp":"2026-03-19T18:42:15.394741Z","level":"info","event":"[ML Engineer]Scraped 578 job posts so far...","logger":"task.stdout"}
{"timestamp":"2026-03-19T18:42:15.396513Z","level":"info","event":"[ML Engineer]This is page starting at 500","logger":"task.stdout"}
{"timestamp":"2026-03-19T18:42:21.524335Z","level":"info","event":"[ML Engineer]Scraped 588 job posts so far...","logger":"task.stdout"}
{"timestamp":"2026-03-19T18:42:21.524737Z","level":"info","event":"[ML Engineer]This is page starting at 525","logger":"task.stdout"}
{"timestamp":"2026-03-19T18:42:27.785804Z","level":"info","event":"[ML Engineer]Scraped 598 job posts so far...","logger":"task.stdout"}
{"timestamp":"2026-03-19T18:42:27.786511Z","level":"info","event":"[ML Engineer]This is page starting at 550","logger":"task.stdout"}
{"timestamp":"2026-03-19T18:42:34.349514Z","level":"info","event":"[ML Engineer]Scraped 608 job posts so far...","logger":"task.stdout"}
{"timestamp":"2026-03-19T18:42:34.350199Z","level":"info","event":"[ML Engineer]This is page starting at 575","logger":"task.stdout"}
{"timestamp":"2026-03-19T18:42:40.668819Z","level":"info","event":"[ML Engineer]Scraped 618 job posts so far...","logger":"task.stdout"}
{"timestamp":"2026-03-19T18:42:40.669380Z","level":"info","event":"[ML Engineer]This is page starting at 600","logger":"task.stdout"}
{"timestamp":"2026-03-19T18:42:46.816911Z","level":"info","event":"[ML Engineer]Scraped 628 job posts so far...","logger":"task.stdout"}
{"timestamp":"2026-03-19T18:42:46.817220Z","level":"info","event":"[ML Engineer]This is page starting at 625","logger":"task.stdout"}
{"timestamp":"2026-03-19T18:42:53.158741Z","level":"info","event":"[ML Engineer]Scraped 638 job posts so far...","logger":"task.stdout"}
{"timestamp":"2026-03-19T18:42:53.159462Z","level":"info","event":"[ML Engineer]This is page starting at 650","logger":"task.stdout"}
{"timestamp":"2026-03-19T18:42:59.413943Z","level":"info","event":"[ML Engineer]Scraped 648 job posts so far...","logger":"task.stdout"}
{"timestamp":"2026-03-19T18:42:59.415466Z","level":"info","event":"[ML Engineer]This is page starting at 675","logger":"task.stdout"}
{"timestamp":"2026-03-19T18:43:05.652672Z","level":"info","event":"[ML Engineer]Scraped 658 job posts so far...","logger":"task.stdout"}
{"timestamp":"2026-03-19T18:43:05.653311Z","level":"info","event":"[ML Engineer]This is page starting at 700","logger":"task.stdout"}
{"timestamp":"2026-03-19T18:43:12.407203Z","level":"info","event":"[ML Engineer]Scraped 668 job posts so far...","logger":"task.stdout"}
{"timestamp":"2026-03-19T18:43:12.407768Z","level":"info","event":"[ML Engineer]This is page starting at 725","logger":"task.stdout"}
{"timestamp":"2026-03-19T18:43:19.579507Z","level":"info","event":"[ML Engineer]Scraped 678 job posts so far...","logger":"task.stdout"}
{"timestamp":"2026-03-19T18:43:19.580309Z","level":"info","event":"[ML Engineer]This is page starting at 750","logger":"task.stdout"}
{"timestamp":"2026-03-19T18:43:26.237752Z","level":"info","event":"[ML Engineer]Scraped 688 job posts so far...","logger":"task.stdout"}
{"timestamp":"2026-03-19T18:43:26.238337Z","level":"info","event":"[ML Engineer]This is page starting at 775","logger":"task.stdout"}
{"timestamp":"2026-03-19T18:43:32.268966Z","level":"info","event":"[ML Engineer]Scraped 698 job posts so far...","logger":"task.stdout"}
{"timestamp":"2026-03-19T18:43:32.270250Z","level":"info","event":"[ML Engineer]This is page starting at 800","logger":"task.stdout"}
{"timestamp":"2026-03-19T18:43:38.316286Z","level":"info","event":"[ML Engineer]Scraped 707 job posts so far...","logger":"task.stdout"}
{"timestamp":"2026-03-19T18:43:38.316590Z","level":"info","event":"[ML Engineer]This is page starting at 825","logger":"task.stdout"}
{"timestamp":"2026-03-19T18:43:44.683014Z","level":"info","event":"[ML Engineer]Scraped 717 job posts so far...","logger":"task.stdout"}
{"timestamp":"2026-03-19T18:43:44.684514Z","level":"info","event":"[ML Engineer]This is page starting at 850","logger":"task.stdout"}
{"timestamp":"2026-03-19T18:43:51.204524Z","level":"info","event":"[ML Engineer]Scraped 727 job posts so far...","logger":"task.stdout"}
{"timestamp":"2026-03-19T18:43:51.204902Z","level":"info","event":"[ML Engineer]This is page starting at 875","logger":"task.stdout"}
{"timestamp":"2026-03-19T18:43:57.601504Z","level":"info","event":"[ML Engineer]Scraped 737 job posts so far...","logger":"task.stdout"}
{"timestamp":"2026-03-19T18:43:57.602032Z","level":"info","event":"[ML Engineer]This is page starting at 900","logger":"task.stdout"}
{"timestamp":"2026-03-19T18:44:04.244359Z","level":"info","event":"[ML Engineer]Scraped 747 job posts so far...","logger":"task.stdout"}
{"timestamp":"2026-03-19T18:44:04.246384Z","level":"info","event":"[ML Engineer]This is page starting at 925","logger":"task.stdout"}
{"timestamp":"2026-03-19T18:44:11.184283Z","level":"info","event":"[ML Engineer]Scraped 757 job posts so far...","logger":"task.stdout"}
{"timestamp":"2026-03-19T18:44:11.185616Z","level":"info","event":"[ML Engineer]This is page starting at 950","logger":"task.stdout"}
{"timestamp":"2026-03-19T18:44:17.342906Z","level":"info","event":"[ML Engineer]Scraped 767 job posts so far...","logger":"task.stdout"}
{"timestamp":"2026-03-19T18:44:17.343365Z","level":"info","event":"[ML Engineer]This is page starting at 975","logger":"task.stdout"}
{"timestamp":"2026-03-19T18:44:23.182903Z","level":"info","event":"[Data Scientist]Scraped 777 job posts so far...","logger":"task.stdout"}
{"timestamp":"2026-03-19T18:44:23.184232Z","level":"info","event":"[Data Scientist]This is page starting at 0","logger":"task.stdout"}
{"timestamp":"2026-03-19T18:44:29.205605Z","level":"info","event":"[Data Scientist]Scraped 787 job posts so far...","logger":"task.stdout"}
{"timestamp":"2026-03-19T18:44:29.206082Z","level":"info","event":"[Data Scientist]This is page starting at 25","logger":"task.stdout"}
{"timestamp":"2026-03-19T18:44:35.459645Z","level":"info","event":"[Data Scientist]Scraped 797 job posts so far...","logger":"task.stdout"}
{"timestamp":"2026-03-19T18:44:35.460620Z","level":"info","event":"[Data Scientist]This is page starting at 50","logger":"task.stdout"}
{"timestamp":"2026-03-19T18:44:41.778006Z","level":"info","event":"[Data Scientist]Scraped 807 job posts so far...","logger":"task.stdout"}
{"timestamp":"2026-03-19T18:44:41.779266Z","level":"info","event":"[Data Scientist]This is page starting at 75","logger":"task.stdout"}
{"timestamp":"2026-03-19T18:44:47.913601Z","level":"info","event":"[Data Scientist]Scraped 817 job posts so far...","logger":"task.stdout"}
{"timestamp":"2026-03-19T18:44:47.914426Z","level":"info","event":"[Data Scientist]This is page starting at 100","logger":"task.stdout"}
{"timestamp":"2026-03-19T18:44:54.124780Z","level":"info","event":"[Data Scientist]Scraped 827 job posts so far...","logger":"task.stdout"}
{"timestamp":"2026-03-19T18:44:54.125927Z","level":"info","event":"[Data Scientist]This is page starting at 125","logger":"task.stdout"}
{"timestamp":"2026-03-19T18:45:00.462148Z","level":"info","event":"[Data Scientist]Scraped 837 job posts so far...","logger":"task.stdout"}
{"timestamp":"2026-03-19T18:45:00.463428Z","level":"info","event":"[Data Scientist]This is page starting at 150","logger":"task.stdout"}
{"timestamp":"2026-03-19T18:45:06.798438Z","level":"info","event":"[Data Scientist]Scraped 847 job posts so far...","logger":"task.stdout"}
{"timestamp":"2026-03-19T18:45:06.799659Z","level":"info","event":"[Data Scientist]This is page starting at 175","logger":"task.stdout"}
{"timestamp":"2026-03-19T18:45:13.459227Z","level":"info","event":"[Data Scientist]Scraped 857 job posts so far...","logger":"task.stdout"}
{"timestamp":"2026-03-19T18:45:13.460014Z","level":"info","event":"[Data Scientist]This is page starting at 200","logger":"task.stdout"}
{"timestamp":"2026-03-19T18:45:20.284688Z","level":"info","event":"[Data Scientist]Scraped 867 job posts so far...","logger":"task.stdout"}
{"timestamp":"2026-03-19T18:45:20.287289Z","level":"info","event":"[Data Scientist]This is page starting at 225","logger":"task.stdout"}
{"timestamp":"2026-03-19T18:45:25.632613Z","level":"info","event":"[Data Scientist]Scraped 877 job posts so far...","logger":"task.stdout"}
{"timestamp":"2026-03-19T18:45:25.632906Z","level":"info","event":"[Data Scientist]This is page starting at 250","logger":"task.stdout"}
{"timestamp":"2026-03-19T18:45:26.117267Z","level":"info","event":"[Data Scientist]Scraped 877 job posts so far...","logger":"task.stdout"}
{"timestamp":"2026-03-19T18:45:26.118536Z","level":"info","event":"[Data Scientist]This is page starting at 275","logger":"task.stdout"}
{"timestamp":"2026-03-19T18:45:32.734666Z","level":"info","event":"[Data Scientist]Scraped 887 job posts so far...","logger":"task.stdout"}
{"timestamp":"2026-03-19T18:45:32.735855Z","level":"info","event":"[Data Scientist]This is page starting at 300","logger":"task.stdout"}
{"timestamp":"2026-03-19T18:45:38.520077Z","level":"info","event":"[Data Scientist]Scraped 897 job posts so far...","logger":"task.stdout"}
{"timestamp":"2026-03-19T18:45:38.520305Z","level":"info","event":"[Data Scientist]This is page starting at 325","logger":"task.stdout"}
{"timestamp":"2026-03-19T18:45:44.383386Z","level":"info","event":"[Data Scientist]Scraped 907 job posts so far...","logger":"task.stdout"}
{"timestamp":"2026-03-19T18:45:44.383882Z","level":"info","event":"[Data Scientist]This is page starting at 350","logger":"task.stdout"}
{"timestamp":"2026-03-19T18:45:50.217463Z","level":"info","event":"[Data Scientist]Scraped 917 job posts so far...","logger":"task.stdout"}
{"timestamp":"2026-03-19T18:45:50.217749Z","level":"info","event":"[Data Scientist]This is page starting at 375","logger":"task.stdout"}
{"timestamp":"2026-03-19T18:45:57.022841Z","level":"info","event":"[Data Scientist]Scraped 927 job posts so far...","logger":"task.stdout"}
{"timestamp":"2026-03-19T18:45:57.023866Z","level":"info","event":"[Data Scientist]This is page starting at 400","logger":"task.stdout"}
{"timestamp":"2026-03-19T18:46:03.315847Z","level":"info","event":"[Data Scientist]Scraped 937 job posts so far...","logger":"task.stdout"}
{"timestamp":"2026-03-19T18:46:03.317114Z","level":"info","event":"[Data Scientist]This is page starting at 425","logger":"task.stdout"}
{"timestamp":"2026-03-19T18:46:09.543943Z","level":"info","event":"[Data Scientist]Scraped 947 job posts so far...","logger":"task.stdout"}
{"timestamp":"2026-03-19T18:46:09.544469Z","level":"info","event":"[Data Scientist]This is page starting at 450","logger":"task.stdout"}
{"timestamp":"2026-03-19T18:46:16.439354Z","level":"info","event":"[Data Scientist]Scraped 957 job posts so far...","logger":"task.stdout"}
{"timestamp":"2026-03-19T18:46:16.439879Z","level":"info","event":"[Data Scientist]This is page starting at 475","logger":"task.stdout"}
{"timestamp":"2026-03-19T18:46:22.673640Z","level":"info","event":"[Data Scientist]Scraped 967 job posts so far...","logger":"task.stdout"}
{"timestamp":"2026-03-19T18:46:22.674904Z","level":"info","event":"[Data Scientist]This is page starting at 500","logger":"task.stdout"}
{"timestamp":"2026-03-19T18:46:29.108114Z","level":"info","event":"[Data Scientist]Scraped 977 job posts so far...","logger":"task.stdout"}
{"timestamp":"2026-03-19T18:46:29.108579Z","level":"info","event":"[Data Scientist]This is page starting at 525","logger":"task.stdout"}
{"timestamp":"2026-03-19T18:46:34.966988Z","level":"info","event":"[Data Scientist]Scraped 987 job posts so far...","logger":"task.stdout"}
{"timestamp":"2026-03-19T18:46:34.967527Z","level":"info","event":"[Data Scientist]This is page starting at 550","logger":"task.stdout"}
{"timestamp":"2026-03-19T18:46:40.789294Z","level":"info","event":"[Data Scientist]Scraped 997 job posts so far...","logger":"task.stdout"}
{"timestamp":"2026-03-19T18:46:40.790675Z","level":"info","event":"[Data Scientist]This is page starting at 575","logger":"task.stdout"}
{"timestamp":"2026-03-19T18:46:47.257360Z","level":"info","event":"[Data Scientist]Scraped 1007 job posts so far...","logger":"task.stdout"}
{"timestamp":"2026-03-19T18:46:47.257669Z","level":"info","event":"[Data Scientist]This is page starting at 600","logger":"task.stdout"}
{"timestamp":"2026-03-19T18:46:53.452922Z","level":"info","event":"[Data Scientist]Scraped 1017 job posts so far...","logger":"task.stdout"}
{"timestamp":"2026-03-19T18:46:53.453475Z","level":"info","event":"[Data Scientist]This is page starting at 625","logger":"task.stdout"}
{"timestamp":"2026-03-19T18:46:59.534762Z","level":"info","event":"[Data Scientist]Scraped 1027 job posts so far...","logger":"task.stdout"}
{"timestamp":"2026-03-19T18:46:59.535944Z","level":"info","event":"[Data Scientist]This is page starting at 650","logger":"task.stdout"}
{"timestamp":"2026-03-19T18:47:05.269831Z","level":"info","event":"[Data Scientist]Scraped 1037 job posts so far...","logger":"task.stdout"}
{"timestamp":"2026-03-19T18:47:05.270401Z","level":"info","event":"[Data Scientist]This is page starting at 675","logger":"task.stdout"}
{"timestamp":"2026-03-19T18:47:11.094196Z","level":"info","event":"[Data Scientist]Scraped 1047 job posts so far...","logger":"task.stdout"}
{"timestamp":"2026-03-19T18:47:11.094390Z","level":"info","event":"[Data Scientist]This is page starting at 700","logger":"task.stdout"}
{"timestamp":"2026-03-19T18:47:16.955114Z","level":"info","event":"[Data Scientist]Scraped 1057 job posts so far...","logger":"task.stdout"}
{"timestamp":"2026-03-19T18:47:16.955913Z","level":"info","event":"[Data Scientist]This is page starting at 725","logger":"task.stdout"}
{"timestamp":"2026-03-19T18:47:22.769747Z","level":"info","event":"[Data Scientist]Scraped 1067 job posts so far...","logger":"task.stdout"}
{"timestamp":"2026-03-19T18:47:22.770106Z","level":"info","event":"[Data Scientist]This is page starting at 750","logger":"task.stdout"}
{"timestamp":"2026-03-19T18:47:28.507740Z","level":"info","event":"[Data Scientist]Scraped 1077 job posts so far...","logger":"task.stdout"}
{"timestamp":"2026-03-19T18:47:28.508613Z","level":"info","event":"[Data Scientist]This is page starting at 775","logger":"task.stdout"}
{"timestamp":"2026-03-19T18:47:34.527798Z","level":"info","event":"[Data Scientist]Scraped 1087 job posts so far...","logger":"task.stdout"}
{"timestamp":"2026-03-19T18:47:34.528129Z","level":"info","event":"[Data Scientist]This is page starting at 800","logger":"task.stdout"}
{"timestamp":"2026-03-19T18:47:40.197559Z","level":"info","event":"[Data Scientist]Scraped 1097 job posts so far...","logger":"task.stdout"}
{"timestamp":"2026-03-19T18:47:40.197878Z","level":"info","event":"[Data Scientist]This is page starting at 825","logger":"task.stdout"}
{"timestamp":"2026-03-19T18:47:46.041904Z","level":"info","event":"[Data Scientist]Scraped 1107 job posts so far...","logger":"task.stdout"}
{"timestamp":"2026-03-19T18:47:46.042509Z","level":"info","event":"[Data Scientist]This is page starting at 850","logger":"task.stdout"}
{"timestamp":"2026-03-19T18:47:51.547342Z","level":"info","event":"[Data Scientist]Scraped 1116 job posts so far...","logger":"task.stdout"}
{"timestamp":"2026-03-19T18:47:51.548105Z","level":"info","event":"[Data Scientist]This is page starting at 875","logger":"task.stdout"}
{"timestamp":"2026-03-19T18:47:57.299967Z","level":"info","event":"[Data Scientist]Scraped 1126 job posts so far...","logger":"task.stdout"}
{"timestamp":"2026-03-19T18:47:57.301156Z","level":"info","event":"[Data Scientist]This is page starting at 900","logger":"task.stdout"}
{"timestamp":"2026-03-19T18:48:03.322654Z","level":"info","event":"[Data Scientist]Scraped 1136 job posts so far...","logger":"task.stdout"}
{"timestamp":"2026-03-19T18:48:03.323498Z","level":"info","event":"[Data Scientist]This is page starting at 925","logger":"task.stdout"}
{"timestamp":"2026-03-19T18:48:09.790259Z","level":"info","event":"[Data Scientist]Scraped 1146 job posts so far...","logger":"task.stdout"}
{"timestamp":"2026-03-19T18:48:09.791378Z","level":"info","event":"[Data Scientist]This is page starting at 950","logger":"task.stdout"}
{"timestamp":"2026-03-19T18:48:15.815580Z","level":"info","event":"[Data Scientist]Scraped 1156 job posts so far...","logger":"task.stdout"}
{"timestamp":"2026-03-19T18:48:15.816075Z","level":"info","event":"[Data Scientist]This is page starting at 975","logger":"task.stdout"}
{"timestamp":"2026-03-19T18:48:21.747206Z","level":"info","event":"[Data Analyst]Scraped 1166 job posts so far...","logger":"task.stdout"}
{"timestamp":"2026-03-19T18:48:21.747720Z","level":"info","event":"[Data Analyst]This is page starting at 0","logger":"task.stdout"}
{"timestamp":"2026-03-19T18:48:27.910203Z","level":"info","event":"[Data Analyst]Scraped 1176 job posts so far...","logger":"task.stdout"}
{"timestamp":"2026-03-19T18:48:27.911421Z","level":"info","event":"[Data Analyst]This is page starting at 25","logger":"task.stdout"}
{"timestamp":"2026-03-19T18:48:34.061224Z","level":"info","event":"[Data Analyst]Scraped 1186 job posts so far...","logger":"task.stdout"}
{"timestamp":"2026-03-19T18:48:34.061823Z","level":"info","event":"[Data Analyst]This is page starting at 50","logger":"task.stdout"}
{"timestamp":"2026-03-19T18:48:43.389101Z","level":"info","event":"[Data Analyst]Scraped 1196 job posts so far...","logger":"task.stdout"}
{"timestamp":"2026-03-19T18:48:43.400878Z","level":"info","event":"[Data Analyst]This is page starting at 75","logger":"task.stdout"}
{"timestamp":"2026-03-19T18:48:49.830405Z","level":"info","event":"[Data Analyst]Scraped 1206 job posts so far...","logger":"task.stdout"}
{"timestamp":"2026-03-19T18:48:49.831213Z","level":"info","event":"[Data Analyst]This is page starting at 100","logger":"task.stdout"}
{"timestamp":"2026-03-19T18:48:56.072359Z","level":"info","event":"[Data Analyst]Scraped 1216 job posts so far...","logger":"task.stdout"}
{"timestamp":"2026-03-19T18:48:56.072695Z","level":"info","event":"[Data Analyst]This is page starting at 125","logger":"task.stdout"}
{"timestamp":"2026-03-19T18:49:02.025229Z","level":"info","event":"[Data Analyst]Scraped 1226 job posts so far...","logger":"task.stdout"}
{"timestamp":"2026-03-19T18:49:02.025586Z","level":"info","event":"[Data Analyst]This is page starting at 150","logger":"task.stdout"}
{"timestamp":"2026-03-19T18:49:08.670804Z","level":"info","event":"[Data Analyst]Scraped 1236 job posts so far...","logger":"task.stdout"}
{"timestamp":"2026-03-19T18:49:08.671113Z","level":"info","event":"[Data Analyst]This is page starting at 175","logger":"task.stdout"}
{"timestamp":"2026-03-19T18:49:14.800181Z","level":"info","event":"[Data Analyst]Scraped 1246 job posts so far...","logger":"task.stdout"}
{"timestamp":"2026-03-19T18:49:14.800481Z","level":"info","event":"[Data Analyst]This is page starting at 200","logger":"task.stdout"}
{"timestamp":"2026-03-19T18:49:20.733421Z","level":"info","event":"[Data Analyst]Scraped 1256 job posts so far...","logger":"task.stdout"}
{"timestamp":"2026-03-19T18:49:20.733841Z","level":"info","event":"[Data Analyst]This is page starting at 225","logger":"task.stdout"}
{"timestamp":"2026-03-19T18:49:26.985939Z","level":"info","event":"[Data Analyst]Scraped 1266 job posts so far...","logger":"task.stdout"}
{"timestamp":"2026-03-19T18:49:26.986328Z","level":"info","event":"[Data Analyst]This is page starting at 250","logger":"task.stdout"}
{"timestamp":"2026-03-19T18:49:33.480075Z","level":"info","event":"[Data Analyst]Scraped 1276 job posts so far...","logger":"task.stdout"}
{"timestamp":"2026-03-19T18:49:33.480241Z","level":"info","event":"[Data Analyst]This is page starting at 275","logger":"task.stdout"}
{"timestamp":"2026-03-19T18:49:39.768377Z","level":"info","event":"[Data Analyst]Scraped 1286 job posts so far...","logger":"task.stdout"}
{"timestamp":"2026-03-19T18:49:39.768593Z","level":"info","event":"[Data Analyst]This is page starting at 300","logger":"task.stdout"}
{"timestamp":"2026-03-19T18:49:46.274456Z","level":"info","event":"[Data Analyst]Scraped 1296 job posts so far...","logger":"task.stdout"}
{"timestamp":"2026-03-19T18:49:46.274897Z","level":"info","event":"[Data Analyst]This is page starting at 325","logger":"task.stdout"}
{"timestamp":"2026-03-19T18:49:53.194802Z","level":"info","event":"[Data Analyst]Scraped 1306 job posts so far...","logger":"task.stdout"}
{"timestamp":"2026-03-19T18:49:53.194977Z","level":"info","event":"[Data Analyst]This is page starting at 350","logger":"task.stdout"}
{"timestamp":"2026-03-19T18:49:59.569090Z","level":"info","event":"[Data Analyst]Scraped 1316 job posts so far...","logger":"task.stdout"}
{"timestamp":"2026-03-19T18:49:59.569456Z","level":"info","event":"[Data Analyst]This is page starting at 375","logger":"task.stdout"}
{"timestamp":"2026-03-19T18:50:05.792091Z","level":"info","event":"[Data Analyst]Scraped 1325 job posts so far...","logger":"task.stdout"}
{"timestamp":"2026-03-19T18:50:05.792488Z","level":"info","event":"[Data Analyst]This is page starting at 400","logger":"task.stdout"}
{"timestamp":"2026-03-19T18:50:12.147581Z","level":"info","event":"[Data Analyst]Scraped 1335 job posts so far...","logger":"task.stdout"}
{"timestamp":"2026-03-19T18:50:12.147787Z","level":"info","event":"[Data Analyst]This is page starting at 425","logger":"task.stdout"}
{"timestamp":"2026-03-19T18:50:18.408481Z","level":"info","event":"[Data Analyst]Scraped 1345 job posts so far...","logger":"task.stdout"}
{"timestamp":"2026-03-19T18:50:18.410550Z","level":"info","event":"[Data Analyst]This is page starting at 450","logger":"task.stdout"}
{"timestamp":"2026-03-19T18:50:24.192419Z","level":"info","event":"[Data Analyst]Scraped 1354 job posts so far...","logger":"task.stdout"}
{"timestamp":"2026-03-19T18:50:24.193133Z","level":"info","event":"[Data Analyst]This is page starting at 475","logger":"task.stdout"}
{"timestamp":"2026-03-19T18:50:30.494481Z","level":"info","event":"[Data Analyst]Scraped 1364 job posts so far...","logger":"task.stdout"}
{"timestamp":"2026-03-19T18:50:30.495291Z","level":"info","event":"[Data Analyst]This is page starting at 500","logger":"task.stdout"}
{"timestamp":"2026-03-19T18:50:36.213638Z","level":"info","event":"[Data Analyst]Scraped 1373 job posts so far...","logger":"task.stdout"}
{"timestamp":"2026-03-19T18:50:36.213959Z","level":"info","event":"[Data Analyst]This is page starting at 525","logger":"task.stdout"}
{"timestamp":"2026-03-19T18:50:42.551399Z","level":"info","event":"[Data Analyst]Scraped 1383 job posts so far...","logger":"task.stdout"}
{"timestamp":"2026-03-19T18:50:42.551699Z","level":"info","event":"[Data Analyst]This is page starting at 550","logger":"task.stdout"}
{"timestamp":"2026-03-19T18:50:48.109087Z","level":"info","event":"[Data Analyst]Scraped 1393 job posts so far...","logger":"task.stdout"}
{"timestamp":"2026-03-19T18:50:48.109508Z","level":"info","event":"[Data Analyst]This is page starting at 575","logger":"task.stdout"}
{"timestamp":"2026-03-19T18:50:54.045458Z","level":"info","event":"[Data Analyst]Scraped 1403 job posts so far...","logger":"task.stdout"}
{"timestamp":"2026-03-19T18:50:54.046211Z","level":"info","event":"[Data Analyst]This is page starting at 600","logger":"task.stdout"}
{"timestamp":"2026-03-19T18:50:59.366366Z","level":"info","event":"[Data Analyst]Scraped 1413 job posts so far...","logger":"task.stdout"}
{"timestamp":"2026-03-19T18:50:59.366668Z","level":"info","event":"[Data Analyst]This is page starting at 625","logger":"task.stdout"}
{"timestamp":"2026-03-19T18:51:05.590232Z","level":"info","event":"[Data Analyst]Scraped 1423 job posts so far...","logger":"task.stdout"}
{"timestamp":"2026-03-19T18:51:05.590448Z","level":"info","event":"[Data Analyst]This is page starting at 650","logger":"task.stdout"}
{"timestamp":"2026-03-19T18:51:11.452545Z","level":"info","event":"[Data Analyst]Scraped 1433 job posts so far...","logger":"task.stdout"}
{"timestamp":"2026-03-19T18:51:11.452839Z","level":"info","event":"[Data Analyst]This is page starting at 675","logger":"task.stdout"}
{"timestamp":"2026-03-19T18:51:17.608627Z","level":"info","event":"[Data Analyst]Scraped 1443 job posts so far...","logger":"task.stdout"}
{"timestamp":"2026-03-19T18:51:17.608796Z","level":"info","event":"[Data Analyst]This is page starting at 700","logger":"task.stdout"}
{"timestamp":"2026-03-19T18:51:23.980363Z","level":"info","event":"[Data Analyst]Scraped 1453 job posts so far...","logger":"task.stdout"}
{"timestamp":"2026-03-19T18:51:23.980562Z","level":"info","event":"[Data Analyst]This is page starting at 725","logger":"task.stdout"}
{"timestamp":"2026-03-19T18:51:30.296978Z","level":"info","event":"[Data Analyst]Scraped 1463 job posts so far...","logger":"task.stdout"}
{"timestamp":"2026-03-19T18:51:30.297335Z","level":"info","event":"[Data Analyst]This is page starting at 750","logger":"task.stdout"}
{"timestamp":"2026-03-19T18:51:36.498845Z","level":"info","event":"[Data Analyst]Scraped 1473 job posts so far...","logger":"task.stdout"}
{"timestamp":"2026-03-19T18:51:36.499671Z","level":"info","event":"[Data Analyst]This is page starting at 775","logger":"task.stdout"}
{"timestamp":"2026-03-19T18:51:42.409021Z","level":"info","event":"[Data Analyst]Scraped 1483 job posts so far...","logger":"task.stdout"}
{"timestamp":"2026-03-19T18:51:42.409505Z","level":"info","event":"[Data Analyst]This is page starting at 800","logger":"task.stdout"}
{"timestamp":"2026-03-19T18:51:48.617156Z","level":"info","event":"[Data Analyst]Scraped 1493 job posts so far...","logger":"task.stdout"}
{"timestamp":"2026-03-19T18:51:48.618771Z","level":"info","event":"[Data Analyst]This is page starting at 825","logger":"task.stdout"}
{"timestamp":"2026-03-19T18:51:54.860678Z","level":"info","event":"[Data Analyst]Scraped 1503 job posts so far...","logger":"task.stdout"}
{"timestamp":"2026-03-19T18:51:54.861072Z","level":"info","event":"[Data Analyst]This is page starting at 850","logger":"task.stdout"}
{"timestamp":"2026-03-19T18:51:55.250858Z","level":"info","event":"[Data Analyst]Scraped 1503 job posts so far...","logger":"task.stdout"}
{"timestamp":"2026-03-19T18:51:55.251727Z","level":"info","event":"[Data Analyst]This is page starting at 875","logger":"task.stdout"}
{"timestamp":"2026-03-19T18:51:55.603599Z","level":"info","event":"[Data Analyst]Scraped 1503 job posts so far...","logger":"task.stdout"}
{"timestamp":"2026-03-19T18:51:55.603754Z","level":"info","event":"[Data Analyst]This is page starting at 900","logger":"task.stdout"}
{"timestamp":"2026-03-19T18:52:01.715048Z","level":"info","event":"[Data Analyst]Scraped 1513 job posts so far...","logger":"task.stdout"}
{"timestamp":"2026-03-19T18:52:01.718556Z","level":"info","event":"[Data Analyst]This is page starting at 925","logger":"task.stdout"}
{"timestamp":"2026-03-19T18:52:07.948845Z","level":"info","event":"[Data Analyst]Scraped 1523 job posts so far...","logger":"task.stdout"}
{"timestamp":"2026-03-19T18:52:07.950218Z","level":"info","event":"[Data Analyst]This is page starting at 950","logger":"task.stdout"}
{"timestamp":"2026-03-19T18:52:14.331644Z","level":"info","event":"[Data Analyst]Scraped 1533 job posts so far...","logger":"task.stdout"}
{"timestamp":"2026-03-19T18:52:14.331972Z","level":"info","event":"[Data Analyst]This is page starting at 975","logger":"task.stdout"}
{"timestamp":"2026-03-19T18:52:20.546903Z","level":"info","event":"[AI Engineer]Scraped 1543 job posts so far...","logger":"task.stdout"}
{"timestamp":"2026-03-19T18:52:20.547670Z","level":"info","event":"[AI Engineer]This is page starting at 0","logger":"task.stdout"}
{"timestamp":"2026-03-19T18:52:27.381717Z","level":"info","event":"[AI Engineer]Scraped 1553 job posts so far...","logger":"task.stdout"}
{"timestamp":"2026-03-19T18:52:27.382433Z","level":"info","event":"[AI Engineer]This is page starting at 25","logger":"task.stdout"}
{"timestamp":"2026-03-19T18:52:33.667935Z","level":"info","event":"[AI Engineer]Scraped 1563 job posts so far...","logger":"task.stdout"}
{"timestamp":"2026-03-19T18:52:33.668464Z","level":"info","event":"[AI Engineer]This is page starting at 50","logger":"task.stdout"}
{"timestamp":"2026-03-19T18:52:40.036985Z","level":"info","event":"[AI Engineer]Scraped 1573 job posts so far...","logger":"task.stdout"}
{"timestamp":"2026-03-19T18:52:40.037226Z","level":"info","event":"[AI Engineer]This is page starting at 75","logger":"task.stdout"}
{"timestamp":"2026-03-19T18:52:46.469350Z","level":"info","event":"[AI Engineer]Scraped 1583 job posts so far...","logger":"task.stdout"}
{"timestamp":"2026-03-19T18:52:46.470081Z","level":"info","event":"[AI Engineer]This is page starting at 100","logger":"task.stdout"}
{"timestamp":"2026-03-19T18:52:52.412340Z","level":"info","event":"[AI Engineer]Scraped 1593 job posts so far...","logger":"task.stdout"}
{"timestamp":"2026-03-19T18:52:52.413462Z","level":"info","event":"[AI Engineer]This is page starting at 125","logger":"task.stdout"}
{"timestamp":"2026-03-19T18:52:58.341296Z","level":"info","event":"[AI Engineer]Scraped 1603 job posts so far...","logger":"task.stdout"}
{"timestamp":"2026-03-19T18:52:58.342351Z","level":"info","event":"[AI Engineer]This is page starting at 150","logger":"task.stdout"}
{"timestamp":"2026-03-19T18:52:58.637101Z","level":"info","event":"[AI Engineer]Scraped 1603 job posts so far...","logger":"task.stdout"}
{"timestamp":"2026-03-19T18:52:58.637289Z","level":"info","event":"[AI Engineer]This is page starting at 175","logger":"task.stdout"}
{"timestamp":"2026-03-19T18:53:04.075126Z","level":"info","event":"[AI Engineer]Scraped 1612 job posts so far...","logger":"task.stdout"}
{"timestamp":"2026-03-19T18:53:04.075343Z","level":"info","event":"[AI Engineer]This is page starting at 200","logger":"task.stdout"}
{"timestamp":"2026-03-19T18:53:10.342063Z","level":"info","event":"[AI Engineer]Scraped 1622 job posts so far...","logger":"task.stdout"}
{"timestamp":"2026-03-19T18:53:10.342409Z","level":"info","event":"[AI Engineer]This is page starting at 225","logger":"task.stdout"}
{"timestamp":"2026-03-19T18:53:16.158571Z","level":"info","event":"[AI Engineer]Scraped 1632 job posts so far...","logger":"task.stdout"}
{"timestamp":"2026-03-19T18:53:16.159815Z","level":"info","event":"[AI Engineer]This is page starting at 250","logger":"task.stdout"}
{"timestamp":"2026-03-19T18:53:22.413240Z","level":"info","event":"[AI Engineer]Scraped 1642 job posts so far...","logger":"task.stdout"}
{"timestamp":"2026-03-19T18:53:22.413931Z","level":"info","event":"[AI Engineer]This is page starting at 275","logger":"task.stdout"}
{"timestamp":"2026-03-19T18:53:28.444238Z","level":"info","event":"[AI Engineer]Scraped 1652 job posts so far...","logger":"task.stdout"}
{"timestamp":"2026-03-19T18:53:28.444493Z","level":"info","event":"[AI Engineer]This is page starting at 300","logger":"task.stdout"}
{"timestamp":"2026-03-19T18:53:34.341392Z","level":"info","event":"[AI Engineer]Scraped 1662 job posts so far...","logger":"task.stdout"}
{"timestamp":"2026-03-19T18:53:34.342350Z","level":"info","event":"[AI Engineer]This is page starting at 325","logger":"task.stdout"}
{"timestamp":"2026-03-19T18:53:40.233583Z","level":"info","event":"[AI Engineer]Scraped 1672 job posts so far...","logger":"task.stdout"}
{"timestamp":"2026-03-19T18:53:40.235375Z","level":"info","event":"[AI Engineer]This is page starting at 350","logger":"task.stdout"}
{"timestamp":"2026-03-19T18:53:45.796598Z","level":"info","event":"[AI Engineer]Scraped 1682 job posts so far...","logger":"task.stdout"}
{"timestamp":"2026-03-19T18:53:45.796982Z","level":"info","event":"[AI Engineer]This is page starting at 375","logger":"task.stdout"}
{"timestamp":"2026-03-19T18:53:51.791089Z","level":"info","event":"[AI Engineer]Scraped 1692 job posts so far...","logger":"task.stdout"}
{"timestamp":"2026-03-19T18:53:51.791280Z","level":"info","event":"[AI Engineer]This is page starting at 400","logger":"task.stdout"}
{"timestamp":"2026-03-19T18:53:57.904397Z","level":"info","event":"[AI Engineer]Scraped 1702 job posts so far...","logger":"task.stdout"}
{"timestamp":"2026-03-19T18:53:57.906145Z","level":"info","event":"[AI Engineer]This is page starting at 425","logger":"task.stdout"}
{"timestamp":"2026-03-19T18:54:03.818652Z","level":"info","event":"[AI Engineer]Scraped 1712 job posts so far...","logger":"task.stdout"}
{"timestamp":"2026-03-19T18:54:03.819002Z","level":"info","event":"[AI Engineer]This is page starting at 450","logger":"task.stdout"}
{"timestamp":"2026-03-19T18:54:10.123955Z","level":"info","event":"[AI Engineer]Scraped 1722 job posts so far...","logger":"task.stdout"}
{"timestamp":"2026-03-19T18:54:10.125615Z","level":"info","event":"[AI Engineer]This is page starting at 475","logger":"task.stdout"}
{"timestamp":"2026-03-19T18:54:16.489523Z","level":"info","event":"[AI Engineer]Scraped 1732 job posts so far...","logger":"task.stdout"}
{"timestamp":"2026-03-19T18:54:16.490130Z","level":"info","event":"[AI Engineer]This is page starting at 500","logger":"task.stdout"}
{"timestamp":"2026-03-19T18:54:23.221632Z","level":"info","event":"[AI Engineer]Scraped 1742 job posts so far...","logger":"task.stdout"}
{"timestamp":"2026-03-19T18:54:23.223252Z","level":"info","event":"[AI Engineer]This is page starting at 525","logger":"task.stdout"}
{"timestamp":"2026-03-19T18:54:29.595918Z","level":"info","event":"[AI Engineer]Scraped 1752 job posts so far...","logger":"task.stdout"}
{"timestamp":"2026-03-19T18:54:29.596270Z","level":"info","event":"[AI Engineer]This is page starting at 550","logger":"task.stdout"}
{"timestamp":"2026-03-19T18:54:35.839867Z","level":"info","event":"[AI Engineer]Scraped 1762 job posts so far...","logger":"task.stdout"}
{"timestamp":"2026-03-19T18:54:35.840187Z","level":"info","event":"[AI Engineer]This is page starting at 575","logger":"task.stdout"}
{"timestamp":"2026-03-19T18:54:42.614117Z","level":"info","event":"[AI Engineer]Scraped 1772 job posts so far...","logger":"task.stdout"}
{"timestamp":"2026-03-19T18:54:42.614475Z","level":"info","event":"[AI Engineer]This is page starting at 600","logger":"task.stdout"}
{"timestamp":"2026-03-19T18:54:48.692508Z","level":"info","event":"[AI Engineer]Scraped 1782 job posts so far...","logger":"task.stdout"}
{"timestamp":"2026-03-19T18:54:48.692725Z","level":"info","event":"[AI Engineer]This is page starting at 625","logger":"task.stdout"}
{"timestamp":"2026-03-19T18:54:49.074923Z","level":"info","event":"[AI Engineer]Scraped 1782 job posts so far...","logger":"task.stdout"}
{"timestamp":"2026-03-19T18:54:49.075414Z","level":"info","event":"[AI Engineer]This is page starting at 650","logger":"task.stdout"}
{"timestamp":"2026-03-19T18:54:49.416540Z","level":"info","event":"[AI Engineer]Scraped 1782 job posts so far...","logger":"task.stdout"}
{"timestamp":"2026-03-19T18:54:49.416896Z","level":"info","event":"[AI Engineer]This is page starting at 675","logger":"task.stdout"}
{"timestamp":"2026-03-19T18:54:55.047852Z","level":"info","event":"[AI Engineer]Scraped 1792 job posts so far...","logger":"task.stdout"}
{"timestamp":"2026-03-19T18:54:55.048801Z","level":"info","event":"[AI Engineer]This is page starting at 700","logger":"task.stdout"}
{"timestamp":"2026-03-19T18:55:01.140733Z","level":"info","event":"[AI Engineer]Scraped 1802 job posts so far...","logger":"task.stdout"}
{"timestamp":"2026-03-19T18:55:01.141063Z","level":"info","event":"[AI Engineer]This is page starting at 725","logger":"task.stdout"}
{"timestamp":"2026-03-19T18:55:06.862851Z","level":"info","event":"[AI Engineer]Scraped 1812 job posts so far...","logger":"task.stdout"}
{"timestamp":"2026-03-19T18:55:06.863272Z","level":"info","event":"[AI Engineer]This is page starting at 750","logger":"task.stdout"}
{"timestamp":"2026-03-19T18:55:12.926582Z","level":"info","event":"[AI Engineer]Scraped 1822 job posts so far...","logger":"task.stdout"}
{"timestamp":"2026-03-19T18:55:12.927341Z","level":"info","event":"[AI Engineer]This is page starting at 775","logger":"task.stdout"}
{"timestamp":"2026-03-19T18:55:18.911688Z","level":"info","event":"[AI Engineer]Scraped 1832 job posts so far...","logger":"task.stdout"}
{"timestamp":"2026-03-19T18:55:18.912013Z","level":"info","event":"[AI Engineer]This is page starting at 800","logger":"task.stdout"}
{"timestamp":"2026-03-19T18:55:25.084352Z","level":"info","event":"[AI Engineer]Scraped 1842 job posts so far...","logger":"task.stdout"}
{"timestamp":"2026-03-19T18:55:25.084584Z","level":"info","event":"[AI Engineer]This is page starting at 825","logger":"task.stdout"}
{"timestamp":"2026-03-19T18:55:30.936649Z","level":"info","event":"[AI Engineer]Scraped 1852 job posts so far...","logger":"task.stdout"}
{"timestamp":"2026-03-19T18:55:30.937077Z","level":"info","event":"[AI Engineer]This is page starting at 850","logger":"task.stdout"}
{"timestamp":"2026-03-19T18:55:37.175941Z","level":"info","event":"[AI Engineer]Scraped 1862 job posts so far...","logger":"task.stdout"}
{"timestamp":"2026-03-19T18:55:37.176226Z","level":"info","event":"[AI Engineer]This is page starting at 875","logger":"task.stdout"}
{"timestamp":"2026-03-19T18:55:43.718666Z","level":"info","event":"[AI Engineer]Scraped 1872 job posts so far...","logger":"task.stdout"}
{"timestamp":"2026-03-19T18:55:43.719447Z","level":"info","event":"[AI Engineer]This is page starting at 900","logger":"task.stdout"}
{"timestamp":"2026-03-19T18:55:49.752476Z","level":"info","event":"[AI Engineer]Scraped 1882 job posts so far...","logger":"task.stdout"}
{"timestamp":"2026-03-19T18:55:49.752664Z","level":"info","event":"[AI Engineer]This is page starting at 925","logger":"task.stdout"}
{"timestamp":"2026-03-19T18:55:56.033042Z","level":"info","event":"[AI Engineer]Scraped 1892 job posts so far...","logger":"task.stdout"}
{"timestamp":"2026-03-19T18:55:56.033352Z","level":"info","event":"[AI Engineer]This is page starting at 950","logger":"task.stdout"}
{"timestamp":"2026-03-19T18:56:01.997760Z","level":"info","event":"[AI Engineer]Scraped 1902 job posts so far...","logger":"task.stdout"}
{"timestamp":"2026-03-19T18:56:01.998617Z","level":"info","event":"[AI Engineer]This is page starting at 975","logger":"task.stdout"}
{"timestamp":"2026-03-19T18:56:07.590915Z","level":"info","event":"[Business Intelligence Analyst]Scraped 1912 job posts so far...","logger":"task.stdout"}
{"timestamp":"2026-03-19T18:56:07.591163Z","level":"info","event":"[Business Intelligence Analyst]This is page starting at 0","logger":"task.stdout"}
{"timestamp":"2026-03-19T18:56:07.946103Z","level":"info","event":"[Business Intelligence Analyst]Scraped 1912 job posts so far...","logger":"task.stdout"}
{"timestamp":"2026-03-19T18:56:07.946512Z","level":"info","event":"[Business Intelligence Analyst]This is page starting at 25","logger":"task.stdout"}
{"timestamp":"2026-03-19T18:56:13.948584Z","level":"info","event":"[Business Intelligence Analyst]Scraped 1922 job posts so far...","logger":"task.stdout"}
{"timestamp":"2026-03-19T18:56:13.948989Z","level":"info","event":"[Business Intelligence Analyst]This is page starting at 50","logger":"task.stdout"}
{"timestamp":"2026-03-19T18:56:20.265014Z","level":"info","event":"[Business Intelligence Analyst]Scraped 1932 job posts so far...","logger":"task.stdout"}
{"timestamp":"2026-03-19T18:56:20.267345Z","level":"info","event":"[Business Intelligence Analyst]This is page starting at 75","logger":"task.stdout"}
{"timestamp":"2026-03-19T18:56:26.427751Z","level":"info","event":"[Business Intelligence Analyst]Scraped 1942 job posts so far...","logger":"task.stdout"}
{"timestamp":"2026-03-19T18:56:26.428691Z","level":"info","event":"[Business Intelligence Analyst]This is page starting at 100","logger":"task.stdout"}
{"timestamp":"2026-03-19T18:56:32.720664Z","level":"info","event":"[Business Intelligence Analyst]Scraped 1952 job posts so far...","logger":"task.stdout"}
{"timestamp":"2026-03-19T18:56:32.721084Z","level":"info","event":"[Business Intelligence Analyst]This is page starting at 125","logger":"task.stdout"}
{"timestamp":"2026-03-19T18:56:38.482099Z","level":"info","event":"[Business Intelligence Analyst]Scraped 1962 job posts so far...","logger":"task.stdout"}
{"timestamp":"2026-03-19T18:56:38.482527Z","level":"info","event":"[Business Intelligence Analyst]This is page starting at 150","logger":"task.stdout"}
{"timestamp":"2026-03-19T18:56:44.343698Z","level":"info","event":"[Business Intelligence Analyst]Scraped 1972 job posts so far...","logger":"task.stdout"}
{"timestamp":"2026-03-19T18:56:44.343916Z","level":"info","event":"[Business Intelligence Analyst]This is page starting at 175","logger":"task.stdout"}
{"timestamp":"2026-03-19T18:56:49.579052Z","level":"info","event":"[Business Intelligence Analyst]Scraped 1981 job posts so far...","logger":"task.stdout"}
{"timestamp":"2026-03-19T18:56:49.580147Z","level":"info","event":"[Business Intelligence Analyst]This is page starting at 200","logger":"task.stdout"}
{"timestamp":"2026-03-19T18:56:55.794127Z","level":"info","event":"[Business Intelligence Analyst]Scraped 1991 job posts so far...","logger":"task.stdout"}
{"timestamp":"2026-03-19T18:56:55.794487Z","level":"info","event":"[Business Intelligence Analyst]This is page starting at 225","logger":"task.stdout"}
{"timestamp":"2026-03-19T18:57:02.106342Z","level":"info","event":"[Business Intelligence Analyst]Scraped 2001 job posts so far...","logger":"task.stdout"}
{"timestamp":"2026-03-19T18:57:02.106664Z","level":"info","event":"[Business Intelligence Analyst]This is page starting at 250","logger":"task.stdout"}
{"timestamp":"2026-03-19T18:57:08.910053Z","level":"info","event":"[Business Intelligence Analyst]Scraped 2011 job posts so far...","logger":"task.stdout"}
{"timestamp":"2026-03-19T18:57:08.911061Z","level":"info","event":"[Business Intelligence Analyst]This is page starting at 275","logger":"task.stdout"}
{"timestamp":"2026-03-19T18:57:15.596742Z","level":"info","event":"[Business Intelligence Analyst]Scraped 2021 job posts so far...","logger":"task.stdout"}
{"timestamp":"2026-03-19T18:57:15.597413Z","level":"info","event":"[Business Intelligence Analyst]This is page starting at 300","logger":"task.stdout"}
{"timestamp":"2026-03-19T18:57:21.522003Z","level":"info","event":"[Business Intelligence Analyst]Scraped 2031 job posts so far...","logger":"task.stdout"}
{"timestamp":"2026-03-19T18:57:21.522551Z","level":"info","event":"[Business Intelligence Analyst]This is page starting at 325","logger":"task.stdout"}
{"timestamp":"2026-03-19T18:57:27.353335Z","level":"info","event":"[Business Intelligence Analyst]Scraped 2041 job posts so far...","logger":"task.stdout"}
{"timestamp":"2026-03-19T18:57:27.353689Z","level":"info","event":"[Business Intelligence Analyst]This is page starting at 350","logger":"task.stdout"}
{"timestamp":"2026-03-19T18:57:33.540721Z","level":"info","event":"[Business Intelligence Analyst]Scraped 2051 job posts so far...","logger":"task.stdout"}
{"timestamp":"2026-03-19T18:57:33.541055Z","level":"info","event":"[Business Intelligence Analyst]This is page starting at 375","logger":"task.stdout"}
{"timestamp":"2026-03-19T18:57:39.997815Z","level":"info","event":"[Business Intelligence Analyst]Scraped 2061 job posts so far...","logger":"task.stdout"}
{"timestamp":"2026-03-19T18:57:39.997966Z","level":"info","event":"[Business Intelligence Analyst]This is page starting at 400","logger":"task.stdout"}
{"timestamp":"2026-03-19T18:57:46.133505Z","level":"info","event":"[Business Intelligence Analyst]Scraped 2071 job posts so far...","logger":"task.stdout"}
{"timestamp":"2026-03-19T18:57:46.133845Z","level":"info","event":"[Business Intelligence Analyst]This is page starting at 425","logger":"task.stdout"}
{"timestamp":"2026-03-19T18:57:51.984545Z","level":"info","event":"[Business Intelligence Analyst]Scraped 2081 job posts so far...","logger":"task.stdout"}
{"timestamp":"2026-03-19T18:57:51.984959Z","level":"info","event":"[Business Intelligence Analyst]This is page starting at 450","logger":"task.stdout"}
{"timestamp":"2026-03-19T18:57:58.171425Z","level":"info","event":"[Business Intelligence Analyst]Scraped 2091 job posts so far...","logger":"task.stdout"}
{"timestamp":"2026-03-19T18:57:58.172103Z","level":"info","event":"[Business Intelligence Analyst]This is page starting at 475","logger":"task.stdout"}
{"timestamp":"2026-03-19T18:58:04.536358Z","level":"info","event":"[Business Intelligence Analyst]Scraped 2101 job posts so far...","logger":"task.stdout"}
{"timestamp":"2026-03-19T18:58:04.536795Z","level":"info","event":"[Business Intelligence Analyst]This is page starting at 500","logger":"task.stdout"}
{"timestamp":"2026-03-19T18:58:10.820259Z","level":"info","event":"[Business Intelligence Analyst]Scraped 2111 job posts so far...","logger":"task.stdout"}
{"timestamp":"2026-03-19T18:58:10.821968Z","level":"info","event":"[Business Intelligence Analyst]This is page starting at 525","logger":"task.stdout"}
{"timestamp":"2026-03-19T18:58:16.445505Z","level":"info","event":"[Business Intelligence Analyst]Scraped 2120 job posts so far...","logger":"task.stdout"}
{"timestamp":"2026-03-19T18:58:16.445954Z","level":"info","event":"[Business Intelligence Analyst]This is page starting at 550","logger":"task.stdout"}
{"timestamp":"2026-03-19T18:58:22.290756Z","level":"info","event":"[Business Intelligence Analyst]Scraped 2130 job posts so far...","logger":"task.stdout"}
{"timestamp":"2026-03-19T18:58:22.291885Z","level":"info","event":"[Business Intelligence Analyst]This is page starting at 575","logger":"task.stdout"}
{"timestamp":"2026-03-19T18:58:28.401382Z","level":"info","event":"[Business Intelligence Analyst]Scraped 2140 job posts so far...","logger":"task.stdout"}
{"timestamp":"2026-03-19T18:58:28.402192Z","level":"info","event":"[Business Intelligence Analyst]This is page starting at 600","logger":"task.stdout"}
{"timestamp":"2026-03-19T18:58:34.429562Z","level":"info","event":"[Business Intelligence Analyst]Scraped 2150 job posts so far...","logger":"task.stdout"}
{"timestamp":"2026-03-19T18:58:34.429950Z","level":"info","event":"[Business Intelligence Analyst]This is page starting at 625","logger":"task.stdout"}
{"timestamp":"2026-03-19T18:58:40.650860Z","level":"info","event":"[Business Intelligence Analyst]Scraped 2160 job posts so far...","logger":"task.stdout"}
{"timestamp":"2026-03-19T18:58:40.651617Z","level":"info","event":"[Business Intelligence Analyst]This is page starting at 650","logger":"task.stdout"}
{"timestamp":"2026-03-19T18:58:46.818063Z","level":"info","event":"[Business Intelligence Analyst]Scraped 2170 job posts so far...","logger":"task.stdout"}
{"timestamp":"2026-03-19T18:58:46.818555Z","level":"info","event":"[Business Intelligence Analyst]This is page starting at 675","logger":"task.stdout"}
{"timestamp":"2026-03-19T18:58:53.273589Z","level":"info","event":"[Business Intelligence Analyst]Scraped 2180 job posts so far...","logger":"task.stdout"}
{"timestamp":"2026-03-19T18:58:53.274997Z","level":"info","event":"[Business Intelligence Analyst]This is page starting at 700","logger":"task.stdout"}
{"timestamp":"2026-03-19T18:59:00.065738Z","level":"info","event":"[Business Intelligence Analyst]Scraped 2190 job posts so far...","logger":"task.stdout"}
{"timestamp":"2026-03-19T18:59:00.066951Z","level":"info","event":"[Business Intelligence Analyst]This is page starting at 725","logger":"task.stdout"}
{"timestamp":"2026-03-19T18:59:06.392216Z","level":"info","event":"[Business Intelligence Analyst]Scraped 2200 job posts so far...","logger":"task.stdout"}
{"timestamp":"2026-03-19T18:59:06.393231Z","level":"info","event":"[Business Intelligence Analyst]This is page starting at 750","logger":"task.stdout"}
{"timestamp":"2026-03-19T18:59:13.947907Z","level":"info","event":"[Business Intelligence Analyst]Scraped 2210 job posts so far...","logger":"task.stdout"}
{"timestamp":"2026-03-19T18:59:13.950158Z","level":"info","event":"[Business Intelligence Analyst]This is page starting at 775","logger":"task.stdout"}
{"timestamp":"2026-03-19T18:59:19.989527Z","level":"info","event":"[Business Intelligence Analyst]Scraped 2220 job posts so far...","logger":"task.stdout"}
{"timestamp":"2026-03-19T18:59:20.022263Z","level":"info","event":"[Business Intelligence Analyst]This is page starting at 800","logger":"task.stdout"}
{"timestamp":"2026-03-19T18:59:26.787159Z","level":"info","event":"[Business Intelligence Analyst]Scraped 2230 job posts so far...","logger":"task.stdout"}
{"timestamp":"2026-03-19T18:59:26.788669Z","level":"info","event":"[Business Intelligence Analyst]This is page starting at 825","logger":"task.stdout"}
{"timestamp":"2026-03-19T18:59:33.107872Z","level":"info","event":"[Business Intelligence Analyst]Scraped 2239 job posts so far...","logger":"task.stdout"}
{"timestamp":"2026-03-19T18:59:33.108464Z","level":"info","event":"[Business Intelligence Analyst]This is page starting at 850","logger":"task.stdout"}
{"timestamp":"2026-03-19T18:59:39.373314Z","level":"info","event":"[Business Intelligence Analyst]Scraped 2249 job posts so far...","logger":"task.stdout"}
{"timestamp":"2026-03-19T18:59:39.373739Z","level":"info","event":"[Business Intelligence Analyst]This is page starting at 875","logger":"task.stdout"}
{"timestamp":"2026-03-19T18:59:44.645467Z","level":"info","event":"[Business Intelligence Analyst]Scraped 2258 job posts so far...","logger":"task.stdout"}
{"timestamp":"2026-03-19T18:59:44.645814Z","level":"info","event":"[Business Intelligence Analyst]This is page starting at 900","logger":"task.stdout"}
{"timestamp":"2026-03-19T18:59:50.931661Z","level":"info","event":"[Business Intelligence Analyst]Scraped 2268 job posts so far...","logger":"task.stdout"}
{"timestamp":"2026-03-19T18:59:50.933478Z","level":"info","event":"[Business Intelligence Analyst]This is page starting at 925","logger":"task.stdout"}
{"timestamp":"2026-03-19T18:59:57.711059Z","level":"info","event":"[Business Intelligence Analyst]Scraped 2278 job posts so far...","logger":"task.stdout"}
{"timestamp":"2026-03-19T18:59:57.711802Z","level":"info","event":"[Business Intelligence Analyst]This is page starting at 950","logger":"task.stdout"}
{"timestamp":"2026-03-19T19:00:05.300654Z","level":"info","event":"[Business Intelligence Analyst]Scraped 2288 job posts so far...","logger":"task.stdout"}
{"timestamp":"2026-03-19T19:00:05.301823Z","level":"info","event":"[Business Intelligence Analyst]This is page starting at 975","logger":"task.stdout"}
{"timestamp":"2026-03-19T19:00:11.703145Z","level":"info","event":"[Data specialist]Scraped 2298 job posts so far...","logger":"task.stdout"}
{"timestamp":"2026-03-19T19:00:11.703369Z","level":"info","event":"[Data specialist]This is page starting at 0","logger":"task.stdout"}
{"timestamp":"2026-03-19T19:00:12.207316Z","level":"info","event":"[Data specialist]Scraped 2298 job posts so far...","logger":"task.stdout"}
{"timestamp":"2026-03-19T19:00:12.207924Z","level":"info","event":"[Data specialist]This is page starting at 25","logger":"task.stdout"}
{"timestamp":"2026-03-19T19:00:12.594053Z","level":"info","event":"[Data specialist]Scraped 2298 job posts so far...","logger":"task.stdout"}
{"timestamp":"2026-03-19T19:00:12.594326Z","level":"info","event":"[Data specialist]This is page starting at 50","logger":"task.stdout"}
{"timestamp":"2026-03-19T19:00:18.925992Z","level":"info","event":"[Data specialist]Scraped 2308 job posts so far...","logger":"task.stdout"}
{"timestamp":"2026-03-19T19:00:18.926498Z","level":"info","event":"[Data specialist]This is page starting at 75","logger":"task.stdout"}
{"timestamp":"2026-03-19T19:00:24.964808Z","level":"info","event":"[Data specialist]Scraped 2318 job posts so far...","logger":"task.stdout"}
{"timestamp":"2026-03-19T19:00:24.965015Z","level":"info","event":"[Data specialist]This is page starting at 100","logger":"task.stdout"}
{"timestamp":"2026-03-19T19:00:30.652337Z","level":"info","event":"[Data specialist]Scraped 2328 job posts so far...","logger":"task.stdout"}
{"timestamp":"2026-03-19T19:00:30.652918Z","level":"info","event":"[Data specialist]This is page starting at 125","logger":"task.stdout"}
{"timestamp":"2026-03-19T19:00:36.604962Z","level":"info","event":"[Data specialist]Scraped 2338 job posts so far...","logger":"task.stdout"}
{"timestamp":"2026-03-19T19:00:36.605748Z","level":"info","event":"[Data specialist]This is page starting at 150","logger":"task.stdout"}
{"timestamp":"2026-03-19T19:00:42.814884Z","level":"info","event":"[Data specialist]Scraped 2348 job posts so far...","logger":"task.stdout"}
{"timestamp":"2026-03-19T19:00:42.815255Z","level":"info","event":"[Data specialist]This is page starting at 175","logger":"task.stdout"}
{"timestamp":"2026-03-19T19:00:49.339311Z","level":"info","event":"[Data specialist]Scraped 2358 job posts so far...","logger":"task.stdout"}
{"timestamp":"2026-03-19T19:00:49.339769Z","level":"info","event":"[Data specialist]This is page starting at 200","logger":"task.stdout"}
{"timestamp":"2026-03-19T19:00:55.436226Z","level":"info","event":"[Data specialist]Scraped 2368 job posts so far...","logger":"task.stdout"}
{"timestamp":"2026-03-19T19:00:55.436535Z","level":"info","event":"[Data specialist]This is page starting at 225","logger":"task.stdout"}
{"timestamp":"2026-03-19T19:01:01.576411Z","level":"info","event":"[Data specialist]Scraped 2378 job posts so far...","logger":"task.stdout"}
{"timestamp":"2026-03-19T19:01:01.576834Z","level":"info","event":"[Data specialist]This is page starting at 250","logger":"task.stdout"}
{"timestamp":"2026-03-19T19:01:07.439611Z","level":"info","event":"[Data specialist]Scraped 2388 job posts so far...","logger":"task.stdout"}
{"timestamp":"2026-03-19T19:01:07.440355Z","level":"info","event":"[Data specialist]This is page starting at 275","logger":"task.stdout"}
{"timestamp":"2026-03-19T19:01:13.256598Z","level":"info","event":"[Data specialist]Scraped 2398 job posts so far...","logger":"task.stdout"}
{"timestamp":"2026-03-19T19:01:13.257038Z","level":"info","event":"[Data specialist]This is page starting at 300","logger":"task.stdout"}
{"timestamp":"2026-03-19T19:01:19.506690Z","level":"info","event":"[Data specialist]Scraped 2408 job posts so far...","logger":"task.stdout"}
{"timestamp":"2026-03-19T19:01:19.506923Z","level":"info","event":"[Data specialist]This is page starting at 325","logger":"task.stdout"}
{"timestamp":"2026-03-19T19:01:25.270948Z","level":"info","event":"[Data specialist]Scraped 2418 job posts so far...","logger":"task.stdout"}
{"timestamp":"2026-03-19T19:01:25.271682Z","level":"info","event":"[Data specialist]This is page starting at 350","logger":"task.stdout"}
{"timestamp":"2026-03-19T19:01:31.573016Z","level":"info","event":"[Data specialist]Scraped 2428 job posts so far...","logger":"task.stdout"}
{"timestamp":"2026-03-19T19:01:31.574351Z","level":"info","event":"[Data specialist]This is page starting at 375","logger":"task.stdout"}
{"timestamp":"2026-03-19T19:01:37.367881Z","level":"info","event":"[Data specialist]Scraped 2438 job posts so far...","logger":"task.stdout"}
{"timestamp":"2026-03-19T19:01:37.368599Z","level":"info","event":"[Data specialist]This is page starting at 400","logger":"task.stdout"}
{"timestamp":"2026-03-19T19:01:43.625735Z","level":"info","event":"[Data specialist]Scraped 2448 job posts so far...","logger":"task.stdout"}
{"timestamp":"2026-03-19T19:01:43.626609Z","level":"info","event":"[Data specialist]This is page starting at 425","logger":"task.stdout"}
{"timestamp":"2026-03-19T19:01:50.209672Z","level":"info","event":"[Data specialist]Scraped 2458 job posts so far...","logger":"task.stdout"}
{"timestamp":"2026-03-19T19:01:50.213228Z","level":"info","event":"[Data specialist]This is page starting at 450","logger":"task.stdout"}
{"timestamp":"2026-03-19T19:01:56.548473Z","level":"info","event":"[Data specialist]Scraped 2468 job posts so far...","logger":"task.stdout"}
{"timestamp":"2026-03-19T19:01:56.549328Z","level":"info","event":"[Data specialist]This is page starting at 475","logger":"task.stdout"}
{"timestamp":"2026-03-19T19:02:02.292242Z","level":"info","event":"[Data specialist]Scraped 2478 job posts so far...","logger":"task.stdout"}
{"timestamp":"2026-03-19T19:02:02.293210Z","level":"info","event":"[Data specialist]This is page starting at 500","logger":"task.stdout"}
{"timestamp":"2026-03-19T19:02:02.589252Z","level":"info","event":"[Data specialist]Scraped 2478 job posts so far...","logger":"task.stdout"}
{"timestamp":"2026-03-19T19:02:02.589921Z","level":"info","event":"[Data specialist]This is page starting at 525","logger":"task.stdout"}
{"timestamp":"2026-03-19T19:02:08.852292Z","level":"info","event":"[Data specialist]Scraped 2488 job posts so far...","logger":"task.stdout"}
{"timestamp":"2026-03-19T19:02:08.852957Z","level":"info","event":"[Data specialist]This is page starting at 550","logger":"task.stdout"}
{"timestamp":"2026-03-19T19:02:15.306335Z","level":"info","event":"[Data specialist]Scraped 2498 job posts so far...","logger":"task.stdout"}
{"timestamp":"2026-03-19T19:02:15.306714Z","level":"info","event":"[Data specialist]This is page starting at 575","logger":"task.stdout"}
{"timestamp":"2026-03-19T19:02:21.384044Z","level":"info","event":"[Data specialist]Scraped 2508 job posts so far...","logger":"task.stdout"}
{"timestamp":"2026-03-19T19:02:21.384458Z","level":"info","event":"[Data specialist]This is page starting at 600","logger":"task.stdout"}
{"timestamp":"2026-03-19T19:02:27.701452Z","level":"info","event":"[Data specialist]Scraped 2518 job posts so far...","logger":"task.stdout"}
{"timestamp":"2026-03-19T19:02:27.702876Z","level":"info","event":"[Data specialist]This is page starting at 625","logger":"task.stdout"}
{"timestamp":"2026-03-19T19:02:33.444307Z","level":"info","event":"[Data specialist]Scraped 2527 job posts so far...","logger":"task.stdout"}
{"timestamp":"2026-03-19T19:02:33.444590Z","level":"info","event":"[Data specialist]This is page starting at 650","logger":"task.stdout"}
{"timestamp":"2026-03-19T19:02:39.766895Z","level":"info","event":"[Data specialist]Scraped 2537 job posts so far...","logger":"task.stdout"}
{"timestamp":"2026-03-19T19:02:39.767694Z","level":"info","event":"[Data specialist]This is page starting at 675","logger":"task.stdout"}
{"timestamp":"2026-03-19T19:02:45.530817Z","level":"info","event":"[Data specialist]Scraped 2547 job posts so far...","logger":"task.stdout"}
{"timestamp":"2026-03-19T19:02:45.531964Z","level":"info","event":"[Data specialist]This is page starting at 700","logger":"task.stdout"}
{"timestamp":"2026-03-19T19:02:51.367247Z","level":"info","event":"[Data specialist]Scraped 2557 job posts so far...","logger":"task.stdout"}
{"timestamp":"2026-03-19T19:02:51.368618Z","level":"info","event":"[Data specialist]This is page starting at 725","logger":"task.stdout"}
{"timestamp":"2026-03-19T19:02:51.848818Z","level":"info","event":"[Data specialist]Scraped 2557 job posts so far...","logger":"task.stdout"}
{"timestamp":"2026-03-19T19:02:51.849739Z","level":"info","event":"[Data specialist]This is page starting at 750","logger":"task.stdout"}
{"timestamp":"2026-03-19T19:02:58.107765Z","level":"info","event":"[Data specialist]Scraped 2567 job posts so far...","logger":"task.stdout"}
{"timestamp":"2026-03-19T19:02:58.108562Z","level":"info","event":"[Data specialist]This is page starting at 775","logger":"task.stdout"}
{"timestamp":"2026-03-19T19:03:04.454856Z","level":"info","event":"[Data specialist]Scraped 2577 job posts so far...","logger":"task.stdout"}
{"timestamp":"2026-03-19T19:03:04.455249Z","level":"info","event":"[Data specialist]This is page starting at 800","logger":"task.stdout"}
{"timestamp":"2026-03-19T19:03:10.309280Z","level":"info","event":"[Data specialist]Scraped 2587 job posts so far...","logger":"task.stdout"}
{"timestamp":"2026-03-19T19:03:10.309594Z","level":"info","event":"[Data specialist]This is page starting at 825","logger":"task.stdout"}
{"timestamp":"2026-03-19T19:03:16.414761Z","level":"info","event":"[Data specialist]Scraped 2597 job posts so far...","logger":"task.stdout"}
{"timestamp":"2026-03-19T19:03:16.417884Z","level":"info","event":"[Data specialist]This is page starting at 850","logger":"task.stdout"}
{"timestamp":"2026-03-19T19:03:24.274111Z","level":"info","event":"[Data specialist]Scraped 2607 job posts so far...","logger":"task.stdout"}
{"timestamp":"2026-03-19T19:03:24.274779Z","level":"info","event":"[Data specialist]This is page starting at 875","logger":"task.stdout"}
{"timestamp":"2026-03-19T19:03:24.819069Z","level":"info","event":"[Data specialist]Scraped 2607 job posts so far...","logger":"task.stdout"}
{"timestamp":"2026-03-19T19:03:24.819274Z","level":"info","event":"[Data specialist]This is page starting at 900","logger":"task.stdout"}
{"timestamp":"2026-03-19T19:03:31.484022Z","level":"info","event":"[Data specialist]Scraped 2617 job posts so far...","logger":"task.stdout"}
{"timestamp":"2026-03-19T19:03:31.485509Z","level":"info","event":"[Data specialist]This is page starting at 925","logger":"task.stdout"}
{"timestamp":"2026-03-19T19:03:37.419398Z","level":"info","event":"[Data specialist]Scraped 2627 job posts so far...","logger":"task.stdout"}
{"timestamp":"2026-03-19T19:03:37.419628Z","level":"info","event":"[Data specialist]This is page starting at 950","logger":"task.stdout"}
{"timestamp":"2026-03-19T19:03:44.285850Z","level":"info","event":"[Data specialist]Scraped 2637 job posts so far...","logger":"task.stdout"}
{"timestamp":"2026-03-19T19:03:44.286618Z","level":"info","event":"[Data specialist]This is page starting at 975","logger":"task.stdout"}
{"timestamp":"2026-03-19T19:03:44.322632Z","level":"info","event":"Number of job posts with null title: 42","logger":"task.stdout"}
{"timestamp":"2026-03-19T19:04:06.815739Z","level":"info","event":"After final check, number of job posts with null title: 0","logger":"task.stdout"}
{"timestamp":"2026-03-19T19:04:06.827454Z","level":"error","event":"Task failed with exception","logger":"task","filename":"task_runner.py","lineno":1186,"error_detail":[{"exc_type":"TypeError","exc_value":"expected str, bytes or os.PathLike object, not tuple","exc_notes":[],"syntax_error":null,"is_cause":false,"frames":[{"filename":"/home/airflow/.local/lib/python3.12/site-packages/airflow/sdk/execution_time/task_runner.py","lineno":1112,"name":"run"},{"filename":"/home/airflow/.local/lib/python3.12/site-packages/airflow/sdk/execution_time/task_runner.py","lineno":1528,"name":"_execute_task"},{"filename":"/home/airflow/.local/lib/python3.12/site-packages/airflow/sdk/bases/operator.py","lineno":417,"name":"wrapper"},{"filename":"/home/airflow/.local/lib/python3.12/site-packages/airflow/sdk/bases/decorator.py","lineno":252,"name":"execute"},{"filename":"/home/airflow/.local/lib/python3.12/site-packages/airflow/sdk/bases/operator.py","lineno":417,"name":"wrapper"},{"filename":"/home/airflow/.local/lib/python3.12/site-packages/airflow/providers/standard/operators/python.py","lineno":228,"name":"execute"},{"filename":"/home/airflow/.local/lib/python3.12/site-packages/airflow/providers/standard/operators/python.py","lineno":251,"name":"execute_callable"},{"filename":"/home/airflow/.local/lib/python3.12/site-packages/airflow/sdk/execution_time/callback_runner.py","lineno":82,"name":"run"},{"filename":"/opt/airflow/dags/schedule.py","lineno":31,"name":"scrape_linkedin"},{"filename":"<frozen posixpath>","lineno":181,"name":"dirname"}],"is_group":false,"exceptions":[]}]}
