{"timestamp":"2026-03-22T02:00:04.974002Z","level":"info","event":"Stats instance was created in PID 7 but accessed in PID 4917. Re-initializing.","logger":"airflow.stats","filename":"stats.py","lineno":57}
{"timestamp":"2026-03-22T02:00:04.985516Z","level":"info","event":"DAG bundles loaded: dags-folder","logger":"airflow.dag_processing.bundles.manager.DagBundlesManager","filename":"manager.py","lineno":179}
{"timestamp":"2026-03-22T02:00:04.986598Z","level":"info","event":"Filling up the DagBag from /opt/airflow/dags/schedule.py","logger":"airflow.models.dagbag.BundleDagBag","filename":"dagbag.py","lineno":593}
{"timestamp":"2026-03-22T02:00:05.008390Z","level":"warning","event":"The `airflow.decorators.dag` attribute is deprecated. Please use `'airflow.sdk.dag'`.","category":"DeprecatedImportWarning","filename":"/opt/airflow/dags/schedule.py","lineno":6,"logger":"py.warnings"}
{"timestamp":"2026-03-22T02:00:05.008469Z","level":"warning","event":"The `airflow.decorators.task` attribute is deprecated. Please use `'airflow.sdk.task'`.","category":"DeprecatedImportWarning","filename":"/opt/airflow/dags/schedule.py","lineno":6,"logger":"py.warnings"}
{"timestamp":"2026-03-22T02:00:05.026378Z","level":"info","event":"Starting job market data pipeline...","logger":"task.stdout"}
{"timestamp":"2026-03-22T02:00:05.030442Z","level":"info","event":"Data arrival check completed successfully.","logger":"task.stdout"}
{"timestamp":"2026-03-22T02:00:05.493347Z","level":"error","event":"/home/airflow/.local/lib/python3.12/site-packages/requests/__init__.py:113: RequestsDependencyWarning: urllib3 (2.6.3) or chardet (6.0.0.post1)/charset_normalizer (3.4.5) doesn't match a supported version!","logger":"task.stderr"}
{"timestamp":"2026-03-22T02:00:05.493503Z","level":"error","event":"  warnings.warn(","logger":"task.stderr"}
{"timestamp":"2026-03-22T02:00:06.586090Z","level":"info","event":"\u001b[0m02:00:06  Running with dbt=1.11.5","logger":"task.stdout"}
{"timestamp":"2026-03-22T02:00:07.020945Z","level":"error","event":"WARNING:thrift.transport.sslcompat:using legacy validation callback","logger":"task.stderr"}
{"timestamp":"2026-03-22T02:00:07.445936Z","level":"error","event":"/home/airflow/.local/lib/python3.12/site-packages/pydantic/_internal/_config.py:383: UserWarning: Valid config keys have changed in V2:","logger":"task.stderr"}
{"timestamp":"2026-03-22T02:00:07.446097Z","level":"error","event":"* 'allow_population_by_field_name' has been renamed to 'validate_by_name'","logger":"task.stderr"}
{"timestamp":"2026-03-22T02:00:07.446152Z","level":"error","event":"  warnings.warn(message, UserWarning)","logger":"task.stderr"}
{"timestamp":"2026-03-22T02:00:07.698042Z","level":"info","event":"\u001b[0m02:00:07  Registered adapter: databricks=1.10.9","logger":"task.stdout"}
{"timestamp":"2026-03-22T02:00:07.817415Z","level":"info","event":"\u001b[0m02:00:07  Unable to do partial parsing because config vars, config profile, or config target have changed","logger":"task.stdout"}
{"timestamp":"2026-03-22T02:00:08.875587Z","level":"info","event":"\u001b[0m02:00:08  Found 15 models, 1 analysis, 1 snapshot, 1 source, 720 macros","logger":"task.stdout"}
{"timestamp":"2026-03-22T02:00:08.876887Z","level":"info","event":"\u001b[0m02:00:08","logger":"task.stdout"}
{"timestamp":"2026-03-22T02:00:08.877068Z","level":"info","event":"\u001b[0m02:00:08  Concurrency: 1 threads (target='dev')","logger":"task.stdout"}
{"timestamp":"2026-03-22T02:00:08.877218Z","level":"info","event":"\u001b[0m02:00:08","logger":"task.stdout"}
{"timestamp":"2026-03-22T02:00:27.529643Z","level":"info","event":"\u001b[0m02:00:27  1 of 16 START sql incremental model bronze.bronze_linkedin_data ................ [RUN]","logger":"task.stdout"}
{"timestamp":"2026-03-22T02:00:27.573899Z","level":"info","event":"\u001b[0m02:00:27  [\u001b[33mWARNING\u001b[0m]: Use revamped materializations based on separating create and insert.  This allows more performant column comments, as well as new column features.","logger":"task.stdout"}
{"timestamp":"2026-03-22T02:00:27.575326Z","level":"info","event":"You may opt into the new behavior sooner by setting `flags.use_materialization_v2` to `True` in `dbt_project.yml`.","logger":"task.stdout"}
{"timestamp":"2026-03-22T02:00:27.577328Z","level":"info","event":"Visit https://docs.getdbt.com/reference/global-configs/behavior-changes for more information.","logger":"task.stdout"}
{"timestamp":"2026-03-22T02:00:54.778568Z","level":"info","event":"\u001b[0m02:00:54  1 of 16 OK created sql incremental model bronze.bronze_linkedin_data ........... [\u001b[32mOK\u001b[0m in 27.24s]","logger":"task.stdout"}
{"timestamp":"2026-03-22T02:00:54.781255Z","level":"info","event":"\u001b[0m02:00:54  2 of 16 START sql table model gold.gold_obt .................................... [RUN]","logger":"task.stdout"}
{"timestamp":"2026-03-22T02:00:59.661623Z","level":"info","event":"\u001b[0m02:00:59  2 of 16 ERROR creating sql table model gold.gold_obt ........................... [\u001b[31mERROR\u001b[0m in 4.88s]","logger":"task.stdout"}
{"timestamp":"2026-03-22T02:00:59.671708Z","level":"info","event":"\u001b[0m02:00:59  3 of 16 START sql table model silver.silver_job_functions ...................... [RUN]","logger":"task.stdout"}
{"timestamp":"2026-03-22T02:01:05.784521Z","level":"info","event":"\u001b[0m02:01:05  3 of 16 OK created sql table model silver.silver_job_functions ................. [\u001b[32mOK\u001b[0m in 6.11s]","logger":"task.stdout"}
{"timestamp":"2026-03-22T02:01:05.791659Z","level":"info","event":"\u001b[0m02:01:05  4 of 16 START sql table model silver.silver_job_industries ..................... [RUN]","logger":"task.stdout"}
{"timestamp":"2026-03-22T02:01:15.652609Z","level":"info","event":"\u001b[0m02:01:15  4 of 16 OK created sql table model silver.silver_job_industries ................ [\u001b[32mOK\u001b[0m in 9.86s]","logger":"task.stdout"}
{"timestamp":"2026-03-22T02:01:15.656558Z","level":"info","event":"\u001b[0m02:01:15  5 of 16 START sql incremental model silver.silver_linkedin_data ................ [RUN]","logger":"task.stdout"}
{"timestamp":"2026-03-22T02:01:43.002837Z","level":"info","event":"\u001b[0m02:01:43  5 of 16 OK created sql incremental model silver.silver_linkedin_data ........... [\u001b[32mOK\u001b[0m in 27.34s]","logger":"task.stdout"}
{"timestamp":"2026-03-22T02:01:43.005989Z","level":"info","event":"\u001b[0m02:01:43  6 of 16 START sql table model gold.dim_functions ............................... [RUN]","logger":"task.stdout"}
{"timestamp":"2026-03-22T02:01:45.622662Z","level":"info","event":"\u001b[0m02:01:45  6 of 16 ERROR creating sql table model gold.dim_functions ...................... [\u001b[31mERROR\u001b[0m in 2.61s]","logger":"task.stdout"}
{"timestamp":"2026-03-22T02:01:45.625161Z","level":"info","event":"\u001b[0m02:01:45  7 of 16 START sql table model gold.dim_industries .............................. [RUN]","logger":"task.stdout"}
{"timestamp":"2026-03-22T02:01:52.745523Z","level":"info","event":"\u001b[0m02:01:52  7 of 16 OK created sql table model gold.dim_industries ......................... [\u001b[32mOK\u001b[0m in 7.12s]","logger":"task.stdout"}
{"timestamp":"2026-03-22T02:01:52.749316Z","level":"info","event":"\u001b[0m02:01:52  8 of 16 START sql table model gold.dim_companies ............................... [RUN]","logger":"task.stdout"}
{"timestamp":"2026-03-22T02:01:58.747922Z","level":"info","event":"\u001b[0m02:01:58  8 of 16 OK created sql table model gold.dim_companies .......................... [\u001b[32mOK\u001b[0m in 6.00s]","logger":"task.stdout"}
{"timestamp":"2026-03-22T02:01:58.749111Z","level":"info","event":"\u001b[0m02:01:58  9 of 16 START sql table model gold.dim_job ..................................... [RUN]","logger":"task.stdout"}
{"timestamp":"2026-03-22T02:02:05.846526Z","level":"info","event":"\u001b[0m02:02:05  9 of 16 OK created sql table model gold.dim_job ................................ [\u001b[32mOK\u001b[0m in 7.09s]","logger":"task.stdout"}
{"timestamp":"2026-03-22T02:02:05.849073Z","level":"info","event":"\u001b[0m02:02:05  10 of 16 START sql table model gold.dim_locations .............................. [RUN]","logger":"task.stdout"}
{"timestamp":"2026-03-22T02:02:11.458401Z","level":"info","event":"\u001b[0m02:02:11  10 of 16 OK created sql table model gold.dim_locations ......................... [\u001b[32mOK\u001b[0m in 5.61s]","logger":"task.stdout"}
{"timestamp":"2026-03-22T02:02:11.459548Z","level":"info","event":"\u001b[0m02:02:11  11 of 16 START sql table model gold.dim_posted_date ............................ [RUN]","logger":"task.stdout"}
{"timestamp":"2026-03-22T02:02:17.009347Z","level":"info","event":"\u001b[0m02:02:17  11 of 16 OK created sql table model gold.dim_posted_date ....................... [\u001b[32mOK\u001b[0m in 5.55s]","logger":"task.stdout"}
{"timestamp":"2026-03-22T02:02:17.012142Z","level":"info","event":"\u001b[0m02:02:17  12 of 16 START sql table model gold.fact_job_postings .......................... [RUN]","logger":"task.stdout"}
{"timestamp":"2026-03-22T02:02:22.592115Z","level":"info","event":"\u001b[0m02:02:22  12 of 16 OK created sql table model gold.fact_job_postings ..................... [\u001b[32mOK\u001b[0m in 5.57s]","logger":"task.stdout"}
{"timestamp":"2026-03-22T02:02:22.595123Z","level":"info","event":"\u001b[0m02:02:22  13 of 16 START sql table model silver.silver_job_latest ........................ [RUN]","logger":"task.stdout"}
{"timestamp":"2026-03-22T02:02:29.314446Z","level":"info","event":"\u001b[0m02:02:29  13 of 16 OK created sql table model silver.silver_job_latest ................... [\u001b[32mOK\u001b[0m in 6.72s]","logger":"task.stdout"}
{"timestamp":"2026-03-22T02:02:29.318563Z","level":"info","event":"\u001b[0m02:02:29  14 of 16 SKIP relation gold.bridge_job_function ................................ [\u001b[33mSKIP\u001b[0m]","logger":"task.stdout"}
{"timestamp":"2026-03-22T02:02:29.322768Z","level":"info","event":"\u001b[0m02:02:29  15 of 16 START sql table model gold.bridge_job_industry ........................ [RUN]","logger":"task.stdout"}
{"timestamp":"2026-03-22T02:02:31.728594Z","level":"info","event":"\u001b[0m02:02:31  15 of 16 ERROR creating sql table model gold.bridge_job_industry ............... [\u001b[31mERROR\u001b[0m in 2.41s]","logger":"task.stdout"}
{"timestamp":"2026-03-22T02:02:31.730311Z","level":"info","event":"\u001b[0m02:02:31  16 of 16 START snapshot gold.snap_job_applicants ............................... [RUN]","logger":"task.stdout"}
{"timestamp":"2026-03-22T02:02:55.681194Z","level":"info","event":"\u001b[0m02:02:55  16 of 16 OK snapshotted gold.snap_job_applicants ............................... [\u001b[32mOK\u001b[0m in 23.94s]","logger":"task.stdout"}
{"timestamp":"2026-03-22T02:02:55.692083Z","level":"info","event":"\u001b[0m02:02:55","logger":"task.stdout"}
{"timestamp":"2026-03-22T02:02:55.692469Z","level":"info","event":"\u001b[0m02:02:55  Finished running 2 incremental models, 1 snapshot, 13 table models in 0 hours 2 minutes and 46.81 seconds (166.81s).","logger":"task.stdout"}
{"timestamp":"2026-03-22T02:02:55.741950Z","level":"info","event":"\u001b[0m02:02:55","logger":"task.stdout"}
{"timestamp":"2026-03-22T02:02:55.742943Z","level":"info","event":"\u001b[0m02:02:55  \u001b[31mCompleted with 3 errors, 0 partial successes, and 0 warnings:\u001b[0m","logger":"task.stdout"}
{"timestamp":"2026-03-22T02:02:55.743305Z","level":"info","event":"\u001b[0m02:02:55","logger":"task.stdout"}
{"timestamp":"2026-03-22T02:02:55.744075Z","level":"info","event":"\u001b[0m02:02:55  \u001b[31mFailure in model gold_obt (models/gold/gold_obt.sql)\u001b[0m","logger":"task.stdout"}
{"timestamp":"2026-03-22T02:02:55.744762Z","level":"info","event":"\u001b[0m02:02:55    Database Error in model gold_obt (models/gold/gold_obt.sql)","logger":"task.stdout"}
{"timestamp":"2026-03-22T02:02:55.744921Z","level":"info","event":"  [UNRESOLVED_COLUMN.WITH_SUGGESTION] A column, variable, or function parameter with name `job_industries`.`industry` cannot be resolved. Did you mean one of the following? [`job_industries`.`industry_name`, `job_industries`.`job_id`, `job_functions`.`job_id`, `job_functions`.`job_function`, `silver_linkedin_data`.`country`]. SQLSTATE: 42703; line 21 pos 8","logger":"task.stdout"}
{"timestamp":"2026-03-22T02:02:55.745257Z","level":"info","event":"  compiled code at target/run/dbt_job_market/models/gold/gold_obt.sql","logger":"task.stdout"}
{"timestamp":"2026-03-22T02:02:55.745336Z","level":"info","event":"\u001b[0m02:02:55","logger":"task.stdout"}
{"timestamp":"2026-03-22T02:02:55.745596Z","level":"info","event":"\u001b[0m02:02:55    compiled code at target/compiled/dbt_job_market/models/gold/gold_obt.sql","logger":"task.stdout"}
{"timestamp":"2026-03-22T02:02:55.745886Z","level":"info","event":"\u001b[0m02:02:55","logger":"task.stdout"}
{"timestamp":"2026-03-22T02:02:55.746201Z","level":"info","event":"\u001b[0m02:02:55  \u001b[31mFailure in model dim_functions (models/gold/dim_functions.sql)\u001b[0m","logger":"task.stdout"}
{"timestamp":"2026-03-22T02:02:55.746499Z","level":"info","event":"\u001b[0m02:02:55    Database Error in model dim_functions (models/gold/dim_functions.sql)","logger":"task.stdout"}
{"timestamp":"2026-03-22T02:02:55.746617Z","level":"info","event":"  [UNRESOLVED_COLUMN.WITH_SUGGESTION] A column, variable, or function parameter with name `function_key` cannot be resolved. Did you mean one of the following? [`job_function`, `job_id`]. SQLSTATE: 42703; line 18 pos 4","logger":"task.stdout"}
{"timestamp":"2026-03-22T02:02:55.746660Z","level":"info","event":"  compiled code at target/run/dbt_job_market/models/gold/dim_functions.sql","logger":"task.stdout"}
{"timestamp":"2026-03-22T02:02:55.746878Z","level":"info","event":"\u001b[0m02:02:55","logger":"task.stdout"}
{"timestamp":"2026-03-22T02:02:55.747089Z","level":"info","event":"\u001b[0m02:02:55    compiled code at target/compiled/dbt_job_market/models/gold/dim_functions.sql","logger":"task.stdout"}
{"timestamp":"2026-03-22T02:02:55.747334Z","level":"info","event":"\u001b[0m02:02:55","logger":"task.stdout"}
{"timestamp":"2026-03-22T02:02:55.747605Z","level":"info","event":"\u001b[0m02:02:55  \u001b[31mFailure in model bridge_job_industry (models/gold/bridge_job_industry.sql)\u001b[0m","logger":"task.stdout"}
{"timestamp":"2026-03-22T02:02:55.747911Z","level":"info","event":"\u001b[0m02:02:55    Database Error in model bridge_job_industry (models/gold/bridge_job_industry.sql)","logger":"task.stdout"}
{"timestamp":"2026-03-22T02:02:55.748020Z","level":"info","event":"  [UNRESOLVED_COLUMN.WITH_SUGGESTION] A column, variable, or function parameter with name `e`.`industry` cannot be resolved. Did you mean one of the following? [`j`.`industries`, `d`.`industry_key`, `e`.`industry_name`, `d`.`industry_name`, `e`.`job_id`]. SQLSTATE: 42703; line 31 pos 16","logger":"task.stdout"}
{"timestamp":"2026-03-22T02:02:55.748241Z","level":"info","event":"  compiled code at target/run/dbt_job_market/models/gold/bridge_job_industry.sql","logger":"task.stdout"}
{"timestamp":"2026-03-22T02:02:55.748314Z","level":"info","event":"\u001b[0m02:02:55","logger":"task.stdout"}
{"timestamp":"2026-03-22T02:02:55.748579Z","level":"info","event":"\u001b[0m02:02:55    compiled code at target/compiled/dbt_job_market/models/gold/bridge_job_industry.sql","logger":"task.stdout"}
{"timestamp":"2026-03-22T02:02:55.748773Z","level":"info","event":"\u001b[0m02:02:55","logger":"task.stdout"}
{"timestamp":"2026-03-22T02:02:55.749055Z","level":"info","event":"\u001b[0m02:02:55  Done. PASS=12 WARN=0 ERROR=3 SKIP=1 NO-OP=0 TOTAL=16","logger":"task.stdout"}
{"timestamp":"2026-03-22T02:02:58.013669Z","level":"error","event":"Task failed with exception","logger":"task","filename":"task_runner.py","lineno":1186,"error_detail":[{"exc_type":"CalledProcessError","exc_value":"Command '['dbt', 'build']' returned non-zero exit status 1.","exc_notes":[],"syntax_error":null,"is_cause":false,"frames":[{"filename":"/home/airflow/.local/lib/python3.12/site-packages/airflow/sdk/execution_time/task_runner.py","lineno":1112,"name":"run"},{"filename":"/home/airflow/.local/lib/python3.12/site-packages/airflow/sdk/execution_time/task_runner.py","lineno":1528,"name":"_execute_task"},{"filename":"/home/airflow/.local/lib/python3.12/site-packages/airflow/sdk/bases/operator.py","lineno":417,"name":"wrapper"},{"filename":"/home/airflow/.local/lib/python3.12/site-packages/airflow/sdk/bases/decorator.py","lineno":252,"name":"execute"},{"filename":"/home/airflow/.local/lib/python3.12/site-packages/airflow/sdk/bases/operator.py","lineno":417,"name":"wrapper"},{"filename":"/home/airflow/.local/lib/python3.12/site-packages/airflow/providers/standard/operators/python.py","lineno":228,"name":"execute"},{"filename":"/home/airflow/.local/lib/python3.12/site-packages/airflow/providers/standard/operators/python.py","lineno":251,"name":"execute_callable"},{"filename":"/home/airflow/.local/lib/python3.12/site-packages/airflow/sdk/execution_time/callback_runner.py","lineno":82,"name":"run"},{"filename":"/opt/airflow/dags/schedule.py","lineno":94,"name":"start_pipeline"},{"filename":"/usr/python/lib/python3.12/subprocess.py","lineno":571,"name":"run"}],"is_group":false,"exceptions":[]}]}
