{"timestamp":"2026-03-19T19:39:49.201596Z","level":"info","event":"Stats instance was created in PID 7 but accessed in PID 2584. Re-initializing.","logger":"airflow.stats","filename":"stats.py","lineno":57}
{"timestamp":"2026-03-19T19:39:49.213147Z","level":"info","event":"DAG bundles loaded: dags-folder","logger":"airflow.dag_processing.bundles.manager.DagBundlesManager","filename":"manager.py","lineno":179}
{"timestamp":"2026-03-19T19:39:49.213789Z","level":"info","event":"Filling up the DagBag from /opt/airflow/dags/schedule.py","logger":"airflow.models.dagbag.BundleDagBag","filename":"dagbag.py","lineno":593}
{"timestamp":"2026-03-19T19:39:49.228278Z","level":"warning","event":"The `airflow.decorators.dag` attribute is deprecated. Please use `'airflow.sdk.dag'`.","category":"DeprecatedImportWarning","filename":"/opt/airflow/dags/schedule.py","lineno":4,"logger":"py.warnings"}
{"timestamp":"2026-03-19T19:39:49.228350Z","level":"warning","event":"The `airflow.decorators.task` attribute is deprecated. Please use `'airflow.sdk.task'`.","category":"DeprecatedImportWarning","filename":"/opt/airflow/dags/schedule.py","lineno":4,"logger":"py.warnings"}
{"timestamp":"2026-03-19T19:39:55.906807Z","level":"info","event":"[Data Engineer]Scraped 10 job posts so far...","logger":"task.stdout"}
{"timestamp":"2026-03-19T19:39:55.907184Z","level":"info","event":"[Data Engineer]This is page starting at 0","logger":"task.stdout"}
{"timestamp":"2026-03-19T19:40:02.166201Z","level":"info","event":"[Data Engineer]Scraped 20 job posts so far...","logger":"task.stdout"}
{"timestamp":"2026-03-19T19:40:02.168387Z","level":"info","event":"[Data Engineer]This is page starting at 25","logger":"task.stdout"}
{"timestamp":"2026-03-19T19:40:08.483426Z","level":"info","event":"[Data Engineer]Scraped 30 job posts so far...","logger":"task.stdout"}
{"timestamp":"2026-03-19T19:40:08.483791Z","level":"info","event":"[Data Engineer]This is page starting at 50","logger":"task.stdout"}
{"timestamp":"2026-03-19T19:40:08.816629Z","level":"info","event":"[Data Engineer]Scraped 30 job posts so far...","logger":"task.stdout"}
{"timestamp":"2026-03-19T19:40:08.816958Z","level":"info","event":"[Data Engineer]This is page starting at 75","logger":"task.stdout"}
{"timestamp":"2026-03-19T19:40:09.263015Z","level":"info","event":"[ML Engineer]Scraped 30 job posts so far...","logger":"task.stdout"}
{"timestamp":"2026-03-19T19:40:09.263366Z","level":"info","event":"[ML Engineer]This is page starting at 0","logger":"task.stdout"}
{"timestamp":"2026-03-19T19:40:15.780143Z","level":"info","event":"[ML Engineer]Scraped 40 job posts so far...","logger":"task.stdout"}
{"timestamp":"2026-03-19T19:40:15.780934Z","level":"info","event":"[ML Engineer]This is page starting at 25","logger":"task.stdout"}
{"timestamp":"2026-03-19T19:40:22.109552Z","level":"info","event":"[ML Engineer]Scraped 50 job posts so far...","logger":"task.stdout"}
{"timestamp":"2026-03-19T19:40:22.110702Z","level":"info","event":"[ML Engineer]This is page starting at 50","logger":"task.stdout"}
{"timestamp":"2026-03-19T19:40:28.580051Z","level":"info","event":"[ML Engineer]Scraped 60 job posts so far...","logger":"task.stdout"}
{"timestamp":"2026-03-19T19:40:28.580443Z","level":"info","event":"[ML Engineer]This is page starting at 75","logger":"task.stdout"}
{"timestamp":"2026-03-19T19:40:28.589265Z","level":"info","event":"Number of job posts with null title: 2","logger":"task.stdout"}
{"timestamp":"2026-03-19T19:40:29.709308Z","level":"info","event":"After final check, number of job posts with null title: 0","logger":"task.stdout"}
{"timestamp":"2026-03-19T19:40:29.738920Z","level":"info","event":"Done. Returned value was: None","logger":"airflow.task.operators.airflow.providers.standard.decorators.python._PythonDecoratedOperator","filename":"python.py","lineno":230}
