{"timestamp":"2026-03-19T20:03:22.632146Z","level":"info","event":"Stats instance was created in PID 7 but accessed in PID 2904. Re-initializing.","logger":"airflow.stats","filename":"stats.py","lineno":57}
{"timestamp":"2026-03-19T20:03:22.639407Z","level":"info","event":"DAG bundles loaded: dags-folder","logger":"airflow.dag_processing.bundles.manager.DagBundlesManager","filename":"manager.py","lineno":179}
{"timestamp":"2026-03-19T20:03:22.639949Z","level":"info","event":"Filling up the DagBag from /opt/airflow/dags/schedule.py","logger":"airflow.models.dagbag.BundleDagBag","filename":"dagbag.py","lineno":593}
{"timestamp":"2026-03-19T20:03:22.652990Z","level":"warning","event":"The `airflow.decorators.dag` attribute is deprecated. Please use `'airflow.sdk.dag'`.","category":"DeprecatedImportWarning","filename":"/opt/airflow/dags/schedule.py","lineno":4,"logger":"py.warnings"}
{"timestamp":"2026-03-19T20:03:22.653069Z","level":"warning","event":"The `airflow.decorators.task` attribute is deprecated. Please use `'airflow.sdk.task'`.","category":"DeprecatedImportWarning","filename":"/opt/airflow/dags/schedule.py","lineno":4,"logger":"py.warnings"}
{"timestamp":"2026-03-19T20:03:29.345731Z","level":"info","event":"[Data Engineer]Scraped 10 job posts so far...","logger":"task.stdout"}
{"timestamp":"2026-03-19T20:03:29.347534Z","level":"info","event":"[Data Engineer]This is page starting at 0","logger":"task.stdout"}
{"timestamp":"2026-03-19T20:03:35.081510Z","level":"info","event":"[Data Engineer]Scraped 20 job posts so far...","logger":"task.stdout"}
{"timestamp":"2026-03-19T20:03:35.081863Z","level":"info","event":"[Data Engineer]This is page starting at 25","logger":"task.stdout"}
{"timestamp":"2026-03-19T20:03:41.726777Z","level":"info","event":"[Data Engineer]Scraped 30 job posts so far...","logger":"task.stdout"}
{"timestamp":"2026-03-19T20:03:41.727835Z","level":"info","event":"[Data Engineer]This is page starting at 50","logger":"task.stdout"}
{"timestamp":"2026-03-19T20:03:48.425837Z","level":"info","event":"[Data Engineer]Scraped 40 job posts so far...","logger":"task.stdout"}
{"timestamp":"2026-03-19T20:03:48.426040Z","level":"info","event":"[Data Engineer]This is page starting at 75","logger":"task.stdout"}
{"timestamp":"2026-03-19T20:03:54.541683Z","level":"info","event":"[ML Engineer]Scraped 50 job posts so far...","logger":"task.stdout"}
{"timestamp":"2026-03-19T20:03:54.541982Z","level":"info","event":"[ML Engineer]This is page starting at 0","logger":"task.stdout"}
{"timestamp":"2026-03-19T20:04:00.952569Z","level":"info","event":"[ML Engineer]Scraped 60 job posts so far...","logger":"task.stdout"}
{"timestamp":"2026-03-19T20:04:00.953710Z","level":"info","event":"[ML Engineer]This is page starting at 25","logger":"task.stdout"}
{"timestamp":"2026-03-19T20:04:07.329715Z","level":"info","event":"[ML Engineer]Scraped 70 job posts so far...","logger":"task.stdout"}
{"timestamp":"2026-03-19T20:04:07.331085Z","level":"info","event":"[ML Engineer]This is page starting at 50","logger":"task.stdout"}
{"timestamp":"2026-03-19T20:04:13.459674Z","level":"info","event":"[ML Engineer]Scraped 80 job posts so far...","logger":"task.stdout"}
{"timestamp":"2026-03-19T20:04:13.460742Z","level":"info","event":"[ML Engineer]This is page starting at 75","logger":"task.stdout"}
{"timestamp":"2026-03-19T20:04:13.469325Z","level":"info","event":"Number of job posts with null title: 0","logger":"task.stdout"}
{"timestamp":"2026-03-19T20:04:13.497661Z","level":"info","event":"Done. Returned value was: None","logger":"airflow.task.operators.airflow.providers.standard.decorators.python._PythonDecoratedOperator","filename":"python.py","lineno":230}
