{"timestamp":"2026-03-20T16:33:56.737741Z","level":"info","event":"Stats instance was created in PID 7 but accessed in PID 279. Re-initializing.","logger":"airflow.stats","filename":"stats.py","lineno":57}
{"timestamp":"2026-03-20T16:33:56.747490Z","level":"info","event":"DAG bundles loaded: dags-folder","logger":"airflow.dag_processing.bundles.manager.DagBundlesManager","filename":"manager.py","lineno":179}
{"timestamp":"2026-03-20T16:33:56.748648Z","level":"info","event":"Filling up the DagBag from /opt/airflow/dags/schedule.py","logger":"airflow.models.dagbag.BundleDagBag","filename":"dagbag.py","lineno":593}
{"timestamp":"2026-03-20T16:33:56.768796Z","level":"warning","event":"The `airflow.decorators.dag` attribute is deprecated. Please use `'airflow.sdk.dag'`.","category":"DeprecatedImportWarning","filename":"/opt/airflow/dags/schedule.py","lineno":6,"logger":"py.warnings"}
{"timestamp":"2026-03-20T16:33:56.768884Z","level":"warning","event":"The `airflow.decorators.task` attribute is deprecated. Please use `'airflow.sdk.task'`.","category":"DeprecatedImportWarning","filename":"/opt/airflow/dags/schedule.py","lineno":6,"logger":"py.warnings"}
{"timestamp":"2026-03-20T16:33:57.148490Z","level":"info","event":"Pulled latest file path from XCom for data arrival check: /opt/airflow/project/raw/linkedin/2026-03-20T233210.json","logger":"task.stdout"}
{"timestamp":"2026-03-20T16:33:57.148617Z","level":"info","event":"Checking data arrival for file: /opt/airflow/project/raw/linkedin/2026-03-20T233210.json","logger":"task.stdout"}
{"timestamp":"2026-03-20T16:33:58.986318Z","level":"info","event":"Received status code 200 for POST request","logger":"databricks.sql.auth.retry","filename":"retry.py","lineno":355}
{"timestamp":"2026-03-20T16:33:58.987548Z","level":"info","event":"HTTP Response with status code 200, message: OK","logger":"databricks.sql.auth.thrift_http_client","filename":"thrift_http_client.py","lineno":208}
{"timestamp":"2026-03-20T16:33:58.991897Z","level":"info","event":"Successfully opened session 01f1247a-9871-17cc-ad00-6bd71e1ee83c","logger":"databricks.sql.session","filename":"session.py","lineno":143}
{"timestamp":"2026-03-20T16:34:00.315290Z","level":"info","event":"Received status code 200 for GET request","logger":"databricks.sql.auth.retry","filename":"retry.py","lineno":355}
{"timestamp":"2026-03-20T16:34:00.693911Z","level":"info","event":"Received status code 200 for POST request","logger":"databricks.sql.auth.retry","filename":"retry.py","lineno":355}
{"timestamp":"2026-03-20T16:34:00.694420Z","level":"info","event":"HTTP Response with status code 200, message: OK","logger":"databricks.sql.auth.thrift_http_client","filename":"thrift_http_client.py","lineno":208}
{"timestamp":"2026-03-20T16:34:10.811790Z","level":"info","event":"Received status code 200 for POST request","logger":"databricks.sql.auth.retry","filename":"retry.py","lineno":355}
{"timestamp":"2026-03-20T16:34:10.815133Z","level":"info","event":"HTTP Response with status code 200, message: OK","logger":"databricks.sql.auth.thrift_http_client","filename":"thrift_http_client.py","lineno":208}
{"timestamp":"2026-03-20T16:34:16.290754Z","level":"info","event":"Received status code 200 for POST request","logger":"databricks.sql.auth.retry","filename":"retry.py","lineno":355}
{"timestamp":"2026-03-20T16:34:16.291186Z","level":"info","event":"HTTP Response with status code 200, message: OK","logger":"databricks.sql.auth.thrift_http_client","filename":"thrift_http_client.py","lineno":208}
{"timestamp":"2026-03-20T16:34:22.026678Z","level":"info","event":"Received status code 200 for POST request","logger":"databricks.sql.auth.retry","filename":"retry.py","lineno":355}
{"timestamp":"2026-03-20T16:34:22.027227Z","level":"info","event":"HTTP Response with status code 200, message: OK","logger":"databricks.sql.auth.thrift_http_client","filename":"thrift_http_client.py","lineno":208}
{"timestamp":"2026-03-20T16:34:27.451779Z","level":"info","event":"Received status code 200 for POST request","logger":"databricks.sql.auth.retry","filename":"retry.py","lineno":355}
{"timestamp":"2026-03-20T16:34:27.452048Z","level":"info","event":"HTTP Response with status code 200, message: OK","logger":"databricks.sql.auth.thrift_http_client","filename":"thrift_http_client.py","lineno":208}
{"timestamp":"2026-03-20T16:34:29.331926Z","level":"info","event":"Received status code 200 for POST request","logger":"databricks.sql.auth.retry","filename":"retry.py","lineno":355}
{"timestamp":"2026-03-20T16:34:29.332655Z","level":"info","event":"HTTP Response with status code 200, message: OK","logger":"databricks.sql.auth.thrift_http_client","filename":"thrift_http_client.py","lineno":208}
{"timestamp":"2026-03-20T16:34:29.823134Z","level":"info","event":"Received status code 200 for POST request","logger":"databricks.sql.auth.retry","filename":"retry.py","lineno":355}
{"timestamp":"2026-03-20T16:34:29.823684Z","level":"info","event":"HTTP Response with status code 200, message: OK","logger":"databricks.sql.auth.thrift_http_client","filename":"thrift_http_client.py","lineno":208}
{"timestamp":"2026-03-20T16:34:30.258131Z","level":"info","event":"Received status code 200 for POST request","logger":"databricks.sql.auth.retry","filename":"retry.py","lineno":355}
{"timestamp":"2026-03-20T16:34:30.258418Z","level":"info","event":"HTTP Response with status code 200, message: OK","logger":"databricks.sql.auth.thrift_http_client","filename":"thrift_http_client.py","lineno":208}
{"timestamp":"2026-03-20T16:34:30.281671Z","level":"info","event":"Latest scraped_at in table: 2026-03-20 16:32:10+00:00, row count: 80","logger":"task.stdout"}
{"timestamp":"2026-03-20T16:34:30.283879Z","level":"info","event":"latest scraped_at in table: 2026-03-20 16:32:10+00:00","logger":"task.stdout"}
{"timestamp":"2026-03-20T16:34:30.284111Z","level":"info","event":"loaded row count in table: 80","logger":"task.stdout"}
{"timestamp":"2026-03-20T16:34:30.284206Z","level":"info","event":"latest local file: 2026-03-20T233210.json","logger":"task.stdout"}
{"timestamp":"2026-03-20T16:34:30.284279Z","level":"info","event":"row count in latest local file: 80","logger":"task.stdout"}
{"timestamp":"2026-03-20T16:34:30.284347Z","level":"info","event":"MATCH: table row count equals raw/linkedin file row count","logger":"task.stdout"}
{"timestamp":"2026-03-20T16:34:30.735058Z","level":"info","event":"Received status code 200 for POST request","logger":"databricks.sql.auth.retry","filename":"retry.py","lineno":355}
{"timestamp":"2026-03-20T16:34:30.735372Z","level":"info","event":"HTTP Response with status code 200, message: OK","logger":"databricks.sql.auth.thrift_http_client","filename":"thrift_http_client.py","lineno":208}
{"timestamp":"2026-03-20T16:34:30.736008Z","level":"info","event":"Closing session 01f1247a-9871-17cc-ad00-6bd71e1ee83c","logger":"databricks.sql.session","filename":"session.py","lineno":194}
{"timestamp":"2026-03-20T16:34:31.082037Z","level":"info","event":"Received status code 200 for POST request","logger":"databricks.sql.auth.retry","filename":"retry.py","lineno":355}
{"timestamp":"2026-03-20T16:34:31.082475Z","level":"info","event":"HTTP Response with status code 200, message: OK","logger":"databricks.sql.auth.thrift_http_client","filename":"thrift_http_client.py","lineno":208}
{"timestamp":"2026-03-20T16:34:31.124264Z","level":"info","event":"Done. Returned value was: None","logger":"airflow.task.operators.airflow.providers.standard.decorators.python._PythonDecoratedOperator","filename":"python.py","lineno":230}
