{"timestamp":"2026-03-20T15:10:10.108696Z","level":"info","event":"Stats instance was created in PID 7 but accessed in PID 15142. Re-initializing.","logger":"airflow.stats","filename":"stats.py","lineno":57}
{"timestamp":"2026-03-20T15:10:10.129703Z","level":"info","event":"DAG bundles loaded: dags-folder","logger":"airflow.dag_processing.bundles.manager.DagBundlesManager","filename":"manager.py","lineno":179}
{"timestamp":"2026-03-20T15:10:10.132739Z","level":"info","event":"Filling up the DagBag from /opt/airflow/dags/schedule.py","logger":"airflow.models.dagbag.BundleDagBag","filename":"dagbag.py","lineno":593}
{"timestamp":"2026-03-20T15:10:10.160845Z","level":"warning","event":"The `airflow.decorators.dag` attribute is deprecated. Please use `'airflow.sdk.dag'`.","category":"DeprecatedImportWarning","filename":"/opt/airflow/dags/schedule.py","lineno":6,"logger":"py.warnings"}
{"timestamp":"2026-03-20T15:10:10.161026Z","level":"warning","event":"The `airflow.decorators.task` attribute is deprecated. Please use `'airflow.sdk.task'`.","category":"DeprecatedImportWarning","filename":"/opt/airflow/dags/schedule.py","lineno":6,"logger":"py.warnings"}
{"timestamp":"2026-03-20T15:10:16.860020Z","level":"info","event":"[Data Engineer]Scraped 10 job posts so far...","logger":"task.stdout"}
{"timestamp":"2026-03-20T15:10:16.861209Z","level":"info","event":"[Data Engineer]This is page starting at 0","logger":"task.stdout"}
{"timestamp":"2026-03-20T15:10:22.277820Z","level":"info","event":"[Data Engineer]Scraped 20 job posts so far...","logger":"task.stdout"}
{"timestamp":"2026-03-20T15:10:22.278930Z","level":"info","event":"[Data Engineer]This is page starting at 25","logger":"task.stdout"}
{"timestamp":"2026-03-20T15:10:22.622831Z","level":"info","event":"[Data Engineer]Scraped 20 job posts so far...","logger":"task.stdout"}
{"timestamp":"2026-03-20T15:10:22.623517Z","level":"info","event":"[Data Engineer]This is page starting at 50","logger":"task.stdout"}
{"timestamp":"2026-03-20T15:10:27.919211Z","level":"info","event":"[Data Engineer]Scraped 30 job posts so far...","logger":"task.stdout"}
{"timestamp":"2026-03-20T15:10:27.920485Z","level":"info","event":"[Data Engineer]This is page starting at 75","logger":"task.stdout"}
{"timestamp":"2026-03-20T15:10:28.285118Z","level":"info","event":"[ML Engineer]Scraped 30 job posts so far...","logger":"task.stdout"}
{"timestamp":"2026-03-20T15:10:28.286084Z","level":"info","event":"[ML Engineer]This is page starting at 0","logger":"task.stdout"}
{"timestamp":"2026-03-20T15:10:34.155114Z","level":"info","event":"[ML Engineer]Scraped 40 job posts so far...","logger":"task.stdout"}
{"timestamp":"2026-03-20T15:10:34.155950Z","level":"info","event":"[ML Engineer]This is page starting at 25","logger":"task.stdout"}
{"timestamp":"2026-03-20T15:10:34.512168Z","level":"info","event":"[ML Engineer]Scraped 40 job posts so far...","logger":"task.stdout"}
{"timestamp":"2026-03-20T15:10:34.512766Z","level":"info","event":"[ML Engineer]This is page starting at 50","logger":"task.stdout"}
{"timestamp":"2026-03-20T15:10:34.879710Z","level":"info","event":"[ML Engineer]Scraped 40 job posts so far...","logger":"task.stdout"}
{"timestamp":"2026-03-20T15:10:34.880009Z","level":"info","event":"[ML Engineer]This is page starting at 75","logger":"task.stdout"}
{"timestamp":"2026-03-20T15:10:34.888410Z","level":"info","event":"Number of job posts with null title: 16","logger":"task.stdout"}
{"timestamp":"2026-03-20T15:10:42.556923Z","level":"info","event":"After final check, number of job posts with null title: 11","logger":"task.stdout"}
{"timestamp":"2026-03-20T15:10:47.143099Z","level":"info","event":"After final check, number of job posts with null title: 9","logger":"task.stdout"}
{"timestamp":"2026-03-20T15:10:50.404067Z","level":"info","event":"After final check, number of job posts with null title: 9","logger":"task.stdout"}
{"timestamp":"2026-03-20T15:10:53.737153Z","level":"info","event":"After final check, number of job posts with null title: 9","logger":"task.stdout"}
{"timestamp":"2026-03-20T15:10:57.406895Z","level":"info","event":"After final check, number of job posts with null title: 6","logger":"task.stdout"}
{"timestamp":"2026-03-20T15:10:59.697901Z","level":"info","event":"After final check, number of job posts with null title: 6","logger":"task.stdout"}
{"timestamp":"2026-03-20T15:11:01.849347Z","level":"info","event":"After final check, number of job posts with null title: 6","logger":"task.stdout"}
{"timestamp":"2026-03-20T15:11:04.748901Z","level":"info","event":"After final check, number of job posts with null title: 4","logger":"task.stdout"}
{"timestamp":"2026-03-20T15:11:06.661740Z","level":"info","event":"After final check, number of job posts with null title: 2","logger":"task.stdout"}
{"timestamp":"2026-03-20T15:11:07.737928Z","level":"info","event":"After final check, number of job posts with null title: 0","logger":"task.stdout"}
{"timestamp":"2026-03-20T15:11:07.783387Z","level":"info","event":"Done. Returned value was: None","logger":"airflow.task.operators.airflow.providers.standard.decorators.python._PythonDecoratedOperator","filename":"python.py","lineno":230}
