{"timestamp":"2026-03-20T15:08:12.352306Z","level":"info","event":"Stats instance was created in PID 7 but accessed in PID 15114. Re-initializing.","logger":"airflow.stats","filename":"stats.py","lineno":57}
{"timestamp":"2026-03-20T15:08:12.364434Z","level":"info","event":"DAG bundles loaded: dags-folder","logger":"airflow.dag_processing.bundles.manager.DagBundlesManager","filename":"manager.py","lineno":179}
{"timestamp":"2026-03-20T15:08:12.365666Z","level":"info","event":"Filling up the DagBag from /opt/airflow/dags/schedule.py","logger":"airflow.models.dagbag.BundleDagBag","filename":"dagbag.py","lineno":593}
{"timestamp":"2026-03-20T15:08:12.397695Z","level":"warning","event":"The `airflow.decorators.dag` attribute is deprecated. Please use `'airflow.sdk.dag'`.","category":"DeprecatedImportWarning","filename":"/opt/airflow/dags/schedule.py","lineno":6,"logger":"py.warnings"}
{"timestamp":"2026-03-20T15:08:12.397849Z","level":"warning","event":"The `airflow.decorators.task` attribute is deprecated. Please use `'airflow.sdk.task'`.","category":"DeprecatedImportWarning","filename":"/opt/airflow/dags/schedule.py","lineno":6,"logger":"py.warnings"}
{"timestamp":"2026-03-20T15:08:18.893526Z","level":"info","event":"[Data Engineer]Scraped 10 job posts so far...","logger":"task.stdout"}
{"timestamp":"2026-03-20T15:08:18.895334Z","level":"info","event":"[Data Engineer]This is page starting at 0","logger":"task.stdout"}
{"timestamp":"2026-03-20T15:08:23.629181Z","level":"info","event":"[Data Engineer]Scraped 20 job posts so far...","logger":"task.stdout"}
{"timestamp":"2026-03-20T15:08:23.630008Z","level":"info","event":"[Data Engineer]This is page starting at 25","logger":"task.stdout"}
{"timestamp":"2026-03-20T15:08:24.004108Z","level":"info","event":"[Data Engineer]Scraped 20 job posts so far...","logger":"task.stdout"}
{"timestamp":"2026-03-20T15:08:24.004458Z","level":"info","event":"[Data Engineer]This is page starting at 50","logger":"task.stdout"}
{"timestamp":"2026-03-20T15:08:29.064134Z","level":"info","event":"[Data Engineer]Scraped 30 job posts so far...","logger":"task.stdout"}
{"timestamp":"2026-03-20T15:08:29.064478Z","level":"info","event":"[Data Engineer]This is page starting at 75","logger":"task.stdout"}
{"timestamp":"2026-03-20T15:08:29.421922Z","level":"info","event":"[ML Engineer]Scraped 30 job posts so far...","logger":"task.stdout"}
{"timestamp":"2026-03-20T15:08:29.422065Z","level":"info","event":"[ML Engineer]This is page starting at 0","logger":"task.stdout"}
{"timestamp":"2026-03-20T15:08:29.715575Z","level":"info","event":"[ML Engineer]Scraped 30 job posts so far...","logger":"task.stdout"}
{"timestamp":"2026-03-20T15:08:29.715726Z","level":"info","event":"[ML Engineer]This is page starting at 25","logger":"task.stdout"}
{"timestamp":"2026-03-20T15:08:30.012211Z","level":"info","event":"[ML Engineer]Scraped 30 job posts so far...","logger":"task.stdout"}
{"timestamp":"2026-03-20T15:08:30.012389Z","level":"info","event":"[ML Engineer]This is page starting at 50","logger":"task.stdout"}
{"timestamp":"2026-03-20T15:08:30.303090Z","level":"info","event":"[ML Engineer]Scraped 30 job posts so far...","logger":"task.stdout"}
{"timestamp":"2026-03-20T15:08:30.303291Z","level":"info","event":"[ML Engineer]This is page starting at 75","logger":"task.stdout"}
{"timestamp":"2026-03-20T15:08:30.307651Z","level":"info","event":"Number of job posts with null title: 18","logger":"task.stdout"}
{"timestamp":"2026-03-20T15:08:37.812554Z","level":"info","event":"After final check, number of job posts with null title: 13","logger":"task.stdout"}
{"timestamp":"2026-03-20T15:08:43.199554Z","level":"info","event":"After final check, number of job posts with null title: 9","logger":"task.stdout"}
{"timestamp":"2026-03-20T15:08:47.032706Z","level":"info","event":"After final check, number of job posts with null title: 9","logger":"task.stdout"}
{"timestamp":"2026-03-20T15:08:50.886207Z","level":"info","event":"After final check, number of job posts with null title: 5","logger":"task.stdout"}
{"timestamp":"2026-03-20T15:08:53.504792Z","level":"info","event":"After final check, number of job posts with null title: 4","logger":"task.stdout"}
{"timestamp":"2026-03-20T15:08:55.191833Z","level":"info","event":"After final check, number of job posts with null title: 3","logger":"task.stdout"}
{"timestamp":"2026-03-20T15:08:56.470351Z","level":"info","event":"After final check, number of job posts with null title: 3","logger":"task.stdout"}
{"timestamp":"2026-03-20T15:08:57.566153Z","level":"info","event":"After final check, number of job posts with null title: 3","logger":"task.stdout"}
{"timestamp":"2026-03-20T15:08:58.735484Z","level":"info","event":"After final check, number of job posts with null title: 3","logger":"task.stdout"}
{"timestamp":"2026-03-20T15:08:59.906523Z","level":"info","event":"After final check, number of job posts with null title: 3","logger":"task.stdout"}
{"timestamp":"2026-03-20T15:09:01.260791Z","level":"info","event":"After final check, number of job posts with null title: 1","logger":"task.stdout"}
{"timestamp":"2026-03-20T15:09:02.024119Z","level":"info","event":"After final check, number of job posts with null title: 0","logger":"task.stdout"}
{"timestamp":"2026-03-20T15:09:02.025786Z","level":"error","event":"Task failed with exception","logger":"task","filename":"task_runner.py","lineno":1186,"error_detail":[{"exc_type":"NameError","exc_value":"name 'timezone' is not defined","exc_notes":[],"syntax_error":null,"is_cause":false,"frames":[{"filename":"/home/airflow/.local/lib/python3.12/site-packages/airflow/sdk/execution_time/task_runner.py","lineno":1112,"name":"run"},{"filename":"/home/airflow/.local/lib/python3.12/site-packages/airflow/sdk/execution_time/task_runner.py","lineno":1528,"name":"_execute_task"},{"filename":"/home/airflow/.local/lib/python3.12/site-packages/airflow/sdk/bases/operator.py","lineno":417,"name":"wrapper"},{"filename":"/home/airflow/.local/lib/python3.12/site-packages/airflow/sdk/bases/decorator.py","lineno":252,"name":"execute"},{"filename":"/home/airflow/.local/lib/python3.12/site-packages/airflow/sdk/bases/operator.py","lineno":417,"name":"wrapper"},{"filename":"/home/airflow/.local/lib/python3.12/site-packages/airflow/providers/standard/operators/python.py","lineno":228,"name":"execute"},{"filename":"/home/airflow/.local/lib/python3.12/site-packages/airflow/providers/standard/operators/python.py","lineno":251,"name":"execute_callable"},{"filename":"/home/airflow/.local/lib/python3.12/site-packages/airflow/sdk/execution_time/callback_runner.py","lineno":82,"name":"run"},{"filename":"/opt/airflow/dags/schedule.py","lineno":29,"name":"scrape_linkedin"},{"filename":"/opt/airflow/project/scraper/linkedin_scrape.py","lineno":211,"name":"scrape"}],"is_group":false,"exceptions":[]}]}
