{"timestamp":"2026-03-19T20:17:07.259723Z","level":"info","event":"Stats instance was created in PID 7 but accessed in PID 3090. Re-initializing.","logger":"airflow.stats","filename":"stats.py","lineno":57}
{"timestamp":"2026-03-19T20:17:07.276790Z","level":"info","event":"DAG bundles loaded: dags-folder","logger":"airflow.dag_processing.bundles.manager.DagBundlesManager","filename":"manager.py","lineno":179}
{"timestamp":"2026-03-19T20:17:07.277462Z","level":"info","event":"Filling up the DagBag from /opt/airflow/dags/schedule.py","logger":"airflow.models.dagbag.BundleDagBag","filename":"dagbag.py","lineno":593}
{"timestamp":"2026-03-19T20:17:07.295809Z","level":"warning","event":"The `airflow.decorators.dag` attribute is deprecated. Please use `'airflow.sdk.dag'`.","category":"DeprecatedImportWarning","filename":"/opt/airflow/dags/schedule.py","lineno":4,"logger":"py.warnings"}
{"timestamp":"2026-03-19T20:17:07.295894Z","level":"warning","event":"The `airflow.decorators.task` attribute is deprecated. Please use `'airflow.sdk.task'`.","category":"DeprecatedImportWarning","filename":"/opt/airflow/dags/schedule.py","lineno":4,"logger":"py.warnings"}
{"timestamp":"2026-03-19T20:17:13.899209Z","level":"info","event":"[Data Engineer]Scraped 10 job posts so far...","logger":"task.stdout"}
{"timestamp":"2026-03-19T20:17:13.900897Z","level":"info","event":"[Data Engineer]This is page starting at 0","logger":"task.stdout"}
{"timestamp":"2026-03-19T20:17:20.321062Z","level":"info","event":"[Data Engineer]Scraped 20 job posts so far...","logger":"task.stdout"}
{"timestamp":"2026-03-19T20:17:20.322011Z","level":"info","event":"[Data Engineer]This is page starting at 25","logger":"task.stdout"}
{"timestamp":"2026-03-19T20:17:26.718104Z","level":"info","event":"[Data Engineer]Scraped 30 job posts so far...","logger":"task.stdout"}
{"timestamp":"2026-03-19T20:17:26.719468Z","level":"info","event":"[Data Engineer]This is page starting at 50","logger":"task.stdout"}
{"timestamp":"2026-03-19T20:17:33.304762Z","level":"info","event":"[Data Engineer]Scraped 40 job posts so far...","logger":"task.stdout"}
{"timestamp":"2026-03-19T20:17:33.305680Z","level":"info","event":"[Data Engineer]This is page starting at 75","logger":"task.stdout"}
{"timestamp":"2026-03-19T20:17:39.363765Z","level":"info","event":"[ML Engineer]Scraped 50 job posts so far...","logger":"task.stdout"}
{"timestamp":"2026-03-19T20:17:39.365138Z","level":"info","event":"[ML Engineer]This is page starting at 0","logger":"task.stdout"}
{"timestamp":"2026-03-19T20:17:44.842000Z","level":"info","event":"[ML Engineer]Scraped 60 job posts so far...","logger":"task.stdout"}
{"timestamp":"2026-03-19T20:17:44.842891Z","level":"info","event":"[ML Engineer]This is page starting at 25","logger":"task.stdout"}
{"timestamp":"2026-03-19T20:17:50.627002Z","level":"info","event":"[ML Engineer]Scraped 70 job posts so far...","logger":"task.stdout"}
{"timestamp":"2026-03-19T20:17:50.628705Z","level":"info","event":"[ML Engineer]This is page starting at 50","logger":"task.stdout"}
{"timestamp":"2026-03-19T20:17:56.679465Z","level":"info","event":"[ML Engineer]Scraped 80 job posts so far...","logger":"task.stdout"}
{"timestamp":"2026-03-19T20:17:56.679839Z","level":"info","event":"[ML Engineer]This is page starting at 75","logger":"task.stdout"}
{"timestamp":"2026-03-19T20:17:56.697784Z","level":"info","event":"Number of job posts with null title: 6","logger":"task.stdout"}
{"timestamp":"2026-03-19T20:17:59.950678Z","level":"info","event":"After final check, number of job posts with null title: 0","logger":"task.stdout"}
{"timestamp":"2026-03-19T20:17:59.972849Z","level":"info","event":"Done. Returned value was: None","logger":"airflow.task.operators.airflow.providers.standard.decorators.python._PythonDecoratedOperator","filename":"python.py","lineno":230}
