{"timestamp":"2026-03-19T19:38:07.217107Z","level":"info","event":"Stats instance was created in PID 7 but accessed in PID 2561. Re-initializing.","logger":"airflow.stats","filename":"stats.py","lineno":57}
{"timestamp":"2026-03-19T19:38:07.226008Z","level":"info","event":"DAG bundles loaded: dags-folder","logger":"airflow.dag_processing.bundles.manager.DagBundlesManager","filename":"manager.py","lineno":179}
{"timestamp":"2026-03-19T19:38:07.226690Z","level":"info","event":"Filling up the DagBag from /opt/airflow/dags/schedule.py","logger":"airflow.models.dagbag.BundleDagBag","filename":"dagbag.py","lineno":593}
{"timestamp":"2026-03-19T19:38:07.243145Z","level":"warning","event":"The `airflow.decorators.dag` attribute is deprecated. Please use `'airflow.sdk.dag'`.","category":"DeprecatedImportWarning","filename":"/opt/airflow/dags/schedule.py","lineno":4,"logger":"py.warnings"}
{"timestamp":"2026-03-19T19:38:07.243472Z","level":"warning","event":"The `airflow.decorators.task` attribute is deprecated. Please use `'airflow.sdk.task'`.","category":"DeprecatedImportWarning","filename":"/opt/airflow/dags/schedule.py","lineno":4,"logger":"py.warnings"}
{"timestamp":"2026-03-19T19:38:13.496010Z","level":"info","event":"[Data Engineer]Scraped 10 job posts so far...","logger":"task.stdout"}
{"timestamp":"2026-03-19T19:38:13.497253Z","level":"info","event":"[Data Engineer]This is page starting at 0","logger":"task.stdout"}
{"timestamp":"2026-03-19T19:38:19.425705Z","level":"info","event":"[Data Engineer]Scraped 20 job posts so far...","logger":"task.stdout"}
{"timestamp":"2026-03-19T19:38:19.426703Z","level":"info","event":"[Data Engineer]This is page starting at 25","logger":"task.stdout"}
{"timestamp":"2026-03-19T19:38:25.118885Z","level":"info","event":"[Data Engineer]Scraped 30 job posts so far...","logger":"task.stdout"}
{"timestamp":"2026-03-19T19:38:25.120066Z","level":"info","event":"[Data Engineer]This is page starting at 50","logger":"task.stdout"}
{"timestamp":"2026-03-19T19:38:31.933856Z","level":"info","event":"[Data Engineer]Scraped 40 job posts so far...","logger":"task.stdout"}
{"timestamp":"2026-03-19T19:38:31.935334Z","level":"info","event":"[Data Engineer]This is page starting at 75","logger":"task.stdout"}
{"timestamp":"2026-03-19T19:38:37.762846Z","level":"info","event":"[ML Engineer]Scraped 50 job posts so far...","logger":"task.stdout"}
{"timestamp":"2026-03-19T19:38:37.764916Z","level":"info","event":"[ML Engineer]This is page starting at 0","logger":"task.stdout"}
{"timestamp":"2026-03-19T19:38:44.085445Z","level":"info","event":"[ML Engineer]Scraped 60 job posts so far...","logger":"task.stdout"}
{"timestamp":"2026-03-19T19:38:44.085749Z","level":"info","event":"[ML Engineer]This is page starting at 25","logger":"task.stdout"}
{"timestamp":"2026-03-19T19:38:50.474970Z","level":"info","event":"[ML Engineer]Scraped 70 job posts so far...","logger":"task.stdout"}
{"timestamp":"2026-03-19T19:38:50.476907Z","level":"info","event":"[ML Engineer]This is page starting at 50","logger":"task.stdout"}
{"timestamp":"2026-03-19T19:38:57.646919Z","level":"info","event":"[ML Engineer]Scraped 80 job posts so far...","logger":"task.stdout"}
{"timestamp":"2026-03-19T19:38:57.649336Z","level":"info","event":"[ML Engineer]This is page starting at 75","logger":"task.stdout"}
{"timestamp":"2026-03-19T19:38:57.667677Z","level":"info","event":"Number of job posts with null title: 0","logger":"task.stdout"}
{"timestamp":"2026-03-19T19:38:57.757060Z","level":"info","event":"Done. Returned value was: None","logger":"airflow.task.operators.airflow.providers.standard.decorators.python._PythonDecoratedOperator","filename":"python.py","lineno":230}
