{"timestamp":"2026-03-20T15:16:42.190829Z","level":"info","event":"Stats instance was created in PID 7 but accessed in PID 15220. Re-initializing.","logger":"airflow.stats","filename":"stats.py","lineno":57}
{"timestamp":"2026-03-20T15:16:42.205744Z","level":"info","event":"DAG bundles loaded: dags-folder","logger":"airflow.dag_processing.bundles.manager.DagBundlesManager","filename":"manager.py","lineno":179}
{"timestamp":"2026-03-20T15:16:42.207241Z","level":"info","event":"Filling up the DagBag from /opt/airflow/dags/schedule.py","logger":"airflow.models.dagbag.BundleDagBag","filename":"dagbag.py","lineno":593}
{"timestamp":"2026-03-20T15:16:42.226762Z","level":"warning","event":"The `airflow.decorators.dag` attribute is deprecated. Please use `'airflow.sdk.dag'`.","category":"DeprecatedImportWarning","filename":"/opt/airflow/dags/schedule.py","lineno":6,"logger":"py.warnings"}
{"timestamp":"2026-03-20T15:16:42.226862Z","level":"warning","event":"The `airflow.decorators.task` attribute is deprecated. Please use `'airflow.sdk.task'`.","category":"DeprecatedImportWarning","filename":"/opt/airflow/dags/schedule.py","lineno":6,"logger":"py.warnings"}
{"timestamp":"2026-03-20T15:16:48.078850Z","level":"info","event":"[Data Engineer]Scraped 10 job posts so far...","logger":"task.stdout"}
{"timestamp":"2026-03-20T15:16:48.079253Z","level":"info","event":"[Data Engineer]This is page starting at 0","logger":"task.stdout"}
{"timestamp":"2026-03-20T15:16:53.255568Z","level":"info","event":"[Data Engineer]Scraped 20 job posts so far...","logger":"task.stdout"}
{"timestamp":"2026-03-20T15:16:53.256291Z","level":"info","event":"[Data Engineer]This is page starting at 25","logger":"task.stdout"}
{"timestamp":"2026-03-20T15:16:53.759772Z","level":"info","event":"[Data Engineer]Scraped 20 job posts so far...","logger":"task.stdout"}
{"timestamp":"2026-03-20T15:16:53.760502Z","level":"info","event":"[Data Engineer]This is page starting at 50","logger":"task.stdout"}
{"timestamp":"2026-03-20T15:16:58.891227Z","level":"info","event":"[Data Engineer]Scraped 30 job posts so far...","logger":"task.stdout"}
{"timestamp":"2026-03-20T15:16:58.893293Z","level":"info","event":"[Data Engineer]This is page starting at 75","logger":"task.stdout"}
{"timestamp":"2026-03-20T15:16:59.339750Z","level":"info","event":"[ML Engineer]Scraped 30 job posts so far...","logger":"task.stdout"}
{"timestamp":"2026-03-20T15:16:59.340162Z","level":"info","event":"[ML Engineer]This is page starting at 0","logger":"task.stdout"}
{"timestamp":"2026-03-20T15:16:59.817022Z","level":"info","event":"[ML Engineer]Scraped 30 job posts so far...","logger":"task.stdout"}
{"timestamp":"2026-03-20T15:16:59.817320Z","level":"info","event":"[ML Engineer]This is page starting at 25","logger":"task.stdout"}
{"timestamp":"2026-03-20T15:17:00.205493Z","level":"info","event":"[ML Engineer]Scraped 30 job posts so far...","logger":"task.stdout"}
{"timestamp":"2026-03-20T15:17:00.206205Z","level":"info","event":"[ML Engineer]This is page starting at 50","logger":"task.stdout"}
{"timestamp":"2026-03-20T15:17:06.249514Z","level":"info","event":"[ML Engineer]Scraped 40 job posts so far...","logger":"task.stdout"}
{"timestamp":"2026-03-20T15:17:06.253379Z","level":"info","event":"[ML Engineer]This is page starting at 75","logger":"task.stdout"}
{"timestamp":"2026-03-20T15:17:06.260933Z","level":"info","event":"Number of job posts with null title: 16","logger":"task.stdout"}
{"timestamp":"2026-03-20T15:17:13.211954Z","level":"info","event":"After final check, number of job posts with null title: 15","logger":"task.stdout"}
{"timestamp":"2026-03-20T15:17:19.442088Z","level":"info","event":"After final check, number of job posts with null title: 10","logger":"task.stdout"}
{"timestamp":"2026-03-20T15:17:23.528588Z","level":"info","event":"After final check, number of job posts with null title: 10","logger":"task.stdout"}
{"timestamp":"2026-03-20T15:17:28.370301Z","level":"info","event":"After final check, number of job posts with null title: 5","logger":"task.stdout"}
{"timestamp":"2026-03-20T15:17:30.218274Z","level":"info","event":"After final check, number of job posts with null title: 4","logger":"task.stdout"}
{"timestamp":"2026-03-20T15:17:32.062274Z","level":"info","event":"After final check, number of job posts with null title: 4","logger":"task.stdout"}
{"timestamp":"2026-03-20T15:17:33.696499Z","level":"info","event":"After final check, number of job posts with null title: 4","logger":"task.stdout"}
{"timestamp":"2026-03-20T15:17:35.245954Z","level":"info","event":"After final check, number of job posts with null title: 4","logger":"task.stdout"}
{"timestamp":"2026-03-20T15:17:36.741602Z","level":"info","event":"After final check, number of job posts with null title: 4","logger":"task.stdout"}
{"timestamp":"2026-03-20T15:17:38.447019Z","level":"info","event":"After final check, number of job posts with null title: 4","logger":"task.stdout"}
{"timestamp":"2026-03-20T15:17:40.173967Z","level":"info","event":"After final check, number of job posts with null title: 3","logger":"task.stdout"}
{"timestamp":"2026-03-20T15:17:41.506350Z","level":"info","event":"After final check, number of job posts with null title: 2","logger":"task.stdout"}
{"timestamp":"2026-03-20T15:17:42.513787Z","level":"info","event":"After final check, number of job posts with null title: 1","logger":"task.stdout"}
{"timestamp":"2026-03-20T15:17:42.823992Z","level":"info","event":"After final check, number of job posts with null title: 1","logger":"task.stdout"}
{"timestamp":"2026-03-20T15:17:43.225950Z","level":"info","event":"After final check, number of job posts with null title: 1","logger":"task.stdout"}
{"timestamp":"2026-03-20T15:17:43.551862Z","level":"info","event":"After final check, number of job posts with null title: 1","logger":"task.stdout"}
{"timestamp":"2026-03-20T15:17:43.964642Z","level":"info","event":"After final check, number of job posts with null title: 1","logger":"task.stdout"}
{"timestamp":"2026-03-20T15:17:44.434219Z","level":"info","event":"After final check, number of job posts with null title: 1","logger":"task.stdout"}
{"timestamp":"2026-03-20T15:17:44.862048Z","level":"info","event":"After final check, number of job posts with null title: 1","logger":"task.stdout"}
{"timestamp":"2026-03-20T15:17:45.210379Z","level":"info","event":"After final check, number of job posts with null title: 1","logger":"task.stdout"}
{"timestamp":"2026-03-20T15:17:45.648954Z","level":"info","event":"After final check, number of job posts with null title: 1","logger":"task.stdout"}
{"timestamp":"2026-03-20T15:17:46.252660Z","level":"info","event":"After final check, number of job posts with null title: 1","logger":"task.stdout"}
{"timestamp":"2026-03-20T15:17:46.696260Z","level":"info","event":"After final check, number of job posts with null title: 1","logger":"task.stdout"}
{"timestamp":"2026-03-20T15:17:47.113868Z","level":"info","event":"After final check, number of job posts with null title: 1","logger":"task.stdout"}
{"timestamp":"2026-03-20T15:17:47.583192Z","level":"info","event":"After final check, number of job posts with null title: 1","logger":"task.stdout"}
{"timestamp":"2026-03-20T15:17:47.925338Z","level":"info","event":"After final check, number of job posts with null title: 1","logger":"task.stdout"}
{"timestamp":"2026-03-20T15:17:48.286386Z","level":"info","event":"After final check, number of job posts with null title: 1","logger":"task.stdout"}
{"timestamp":"2026-03-20T15:17:48.641489Z","level":"info","event":"After final check, number of job posts with null title: 1","logger":"task.stdout"}
{"timestamp":"2026-03-20T15:17:49.188977Z","level":"info","event":"After final check, number of job posts with null title: 0","logger":"task.stdout"}
{"timestamp":"2026-03-20T15:17:49.223441Z","level":"info","event":"Done. Returned value was: None","logger":"airflow.task.operators.airflow.providers.standard.decorators.python._PythonDecoratedOperator","filename":"python.py","lineno":230}
